Game

Seed 148318

HarryPotter 1.0

NUM_PLAYERS			4
NUM_ROUNDS			200
BOARD_ROWS			60
BOARD_COLS			60
NUM_INI_WIZARDS_PER_CLAN	20
NUM_INI_BOOKS			50
CLAN_INI_MAGIC_STRENGTH		1000
POINTS_FOR_CONVERTING_WIZARD	100
POINTS_PER_OWNED_CELL		1
BOOK_MAGIC_STRENGTH		50
ROUNDS_FOR_CONVERTING		5
ROUNDS_ATTACK_RESTING_GHOST	15
ROUNDS_SPELL_RESTING_GHOST	60
ROUNDS_NO_ATTACK_GHOST		5
names          Dummy Dummy Dummy Harry


   000000000011111111112222222222333333333344444444445555555555
   012345678901234567890123456789012345678901234567890123456789
00 .......3........................0......3................3...
01 ..0...............................WWWWWWWW.WWWWWWW..........
02 ..................................W......W1W.....W..1.......
03 ......................1...........W.WWWW.W.W.W...W.......2..
04 ..................................W.W..W.W.W.WWW.W..........
05 ..................................W.W..W.W.W...W.W..........
06 .....3............................W.W.WW.W.W...W.W0.........
07 ..................................W.W....W.W...W.W.....3....
08 .............................WWWWWW.WWWWWW.WWWWW.W..........
09 ....................1............0...............W.........0
10 ...............WWWWWWWWWWWWWWWWW.WWWWWWWWWWWWW...W..........
11 ..........3....W...............W.W...........W...W..........
12 ...............W...............W.W.1..0.....0W...W..........
13 ..............0W...............W.W...........W...W..........
14 .0.............W........3......W.W.......3.......W3......2..
15 ...............W...1.......WWWWW.W...............W..........
16 ...............W...........W.....W..........................
17 ..........1....W.........2.W..2..W..........................
18 ...............W...........W.....W.....2....................
19 ....3..........W...........W.....W................2...0.....
20 ...............W...........W2....W..............WWWWWWWWWWW.
21 ...............W.......0...W.....W..............W.........W.
22 ...3..1........W.......WWW.W.....W..2...........W.........W1
23 ...............W.........W.W.....W......0.......W.....WWWWW.
24 ...............W......3..W.W.....W..............W.....W.....
25 ......2........W.........W.W.....W..............W.....W.WWW.
26 ...............W.........W.W.....W..............W..1..W.W2W.
27 ...............W.........W.W.3.WWW..............W.....W.W.W.
28 ...............W.WWWWWWWWW.W...W.........0......W.....W.W.W.
29 ...2...........W.W.........W...W................W.....W.W.W.
30 ...........3...W.W......W.WW...W.0..............W.W...W.W.W.
31 ...............W.WWWWWWWW.W....W................W.W...W.W.W.
32 ...............W.......2..W....W.....2..........W3W...W.W.W.
33 ...............W..1.......W....W................W.W...W...W.
34 ...............W..........W....W..0........2....W.W...WWWWW.
35 ............0..W..........W....W................W.W.........
36 ..3......1.....W..........W....W................W.W.........
37 ...............W..........W.WWWW1...............W.W.........
38 ......0........W..........W.W...................W.W.........
39 ...............W..........W.W.W.WWWWWWWWW.......W.W...WW....
40 .WWWWWW........W..........W.W.W.W....1..W.......W.W1...W....
41 .W.........2...W..........W.W.W.W.......W.......W.W....W....
42 .W.WWWWWWWWWWW.W..........W.W.W.W.......W0......W.W....W.1..
43 .W.W..2......W.W..........W.W.W.W.......W.......W.W....WWWW.
44 2W.W.........W.W.WWWWWWWW.W.W.W.W.......WWWWWWWWW.W.......W.
45 .W.WW........W.W.W......W1W.W.W.W...........3.....W.WWWWW.W.
46 .W..W........W.W.W......W.W.W.W.WWWWWWWWWWWWWWWWWWW.W...W.W.
47 .W..W........W0W.W......W...W.W.........................W.W.
48 .W..W........W.W.W......W...W.W.......0WWWWWWWWWWWWWWWWWW.W.
49 .W..W.....2..W.W.W......W..1W.W........W.......2..........W.
50 .W..W........W.W.W......W...W.WWWWWWWW.W...1..............W.
51 .W..W3.......W.W.W......W...W........W.W..................W.
52 .WWWW........W.W.W......W..3WWWWWWWWWW.W.................1W.
53 .............W.W3W...0..W.............3W..................W.
54 ....WWWWWWWW.W.W.W......WWWW...........W..................W.
55 ....W......W.W.W.W.........W.WWWWWWWWW.W..................W.
56 ....W.WWWWWW.W.W.WWWWWWWWW.W.W.......W.W..................W.
57 ....W........W.W.........W.W.W.WWW...W.W....2.............W.
58 ....WWWWWWWWWW2WWWWWWWWWWW.WWW.W.WWWWW.WWWWWWWWWWWWWWWWWWWW.
59 ....................1.......................................

units
84
type	id	player	row	column	rounds	next
g	0	0	9	33	60	-1
g	1	1	37	32	60	-1
g	2	2	14	57	60	-1
g	3	3	22	3	60	-1
w	4	0	23	40	0	-1
w	5	0	12	38	0	-1
w	6	0	47	14	0	-1
w	7	0	28	41	0	-1
w	8	0	34	34	0	-1
w	9	0	42	41	0	-1
w	10	0	48	38	0	-1
w	11	0	1	2	0	-1
w	12	0	12	44	0	-1
w	13	0	38	6	0	-1
w	14	0	35	12	0	-1
w	15	0	9	59	0	-1
w	16	0	13	14	0	-1
w	17	0	0	32	0	-1
w	18	0	21	23	0	-1
w	19	0	53	21	0	-1
w	20	0	6	50	0	-1
w	21	0	30	33	0	-1
w	22	0	14	1	0	-1
w	23	0	19	54	0	-1
w	24	1	59	20	0	-1
w	25	1	50	43	0	-1
w	26	1	12	35	0	-1
w	27	1	36	9	0	-1
w	28	1	17	10	0	-1
w	29	1	22	59	0	-1
w	30	1	2	52	0	-1
w	31	1	2	42	0	-1
w	32	1	42	57	0	-1
w	33	1	15	19	0	-1
w	34	1	49	27	0	-1
w	35	1	26	51	0	-1
w	36	1	45	25	0	-1
w	37	1	52	57	0	-1
w	38	1	33	18	0	-1
w	39	1	22	6	0	-1
w	40	1	9	20	0	-1
w	41	1	40	37	0	-1
w	42	1	40	51	0	-1
w	43	1	3	22	0	-1
w	44	2	22	36	0	-1
w	45	2	32	37	0	-1
w	46	2	17	30	0	-1
w	47	2	20	28	0	-1
w	48	2	43	6	0	-1
w	49	2	3	57	0	-1
w	50	2	17	25	0	-1
w	51	2	29	3	0	-1
w	52	2	34	43	0	-1
w	53	2	49	47	0	-1
w	54	2	32	23	0	-1
w	55	2	44	0	0	-1
w	56	2	19	50	0	-1
w	57	2	26	57	0	-1
w	58	2	49	10	0	-1
w	59	2	57	44	0	-1
w	60	2	18	39	0	-1
w	61	2	41	11	0	-1
w	62	2	25	6	0	-1
w	63	2	58	14	0	-1
w	64	3	27	29	0	-1
w	65	3	6	5	0	-1
w	66	3	7	55	0	-1
w	67	3	51	5	0	-1
w	68	3	0	7	0	-1
w	69	3	52	27	0	-1
w	70	3	36	2	0	-1
w	71	3	0	56	0	-1
w	72	3	53	38	0	-1
w	73	3	14	41	0	-1
w	74	3	45	44	0	-1
w	75	3	24	22	0	-1
w	76	3	11	10	0	-1
w	77	3	19	4	0	-1
w	78	3	14	50	0	-1
w	79	3	14	24	0	-1
w	80	3	30	11	0	-1
w	81	3	0	39	0	-1
w	82	3	32	49	0	-1
w	83	3	53	16	0	-1

books
50
row	column
0	59
1	10
4	26
9	3
9	27
9	41
11	23
11	55
12	28
13	47
15	7
16	46
19	1
19	17
19	42
22	10
22	13
22	47
22	56
23	0
23	30
26	38
27	11
29	16
29	50
33	4
33	30
33	55
34	52
36	22
36	29
37	40
37	54
38	25
39	58
40	54
41	24
42	45
43	20
44	33
47	19
48	59
50	54
53	8
53	48
54	33
54	53
56	1
56	26
57	8

spell_ingredients
15
6 7 9 9 12 10 7 13 6 9 7 7 7 11 10 

Voldemort
9 16

round 0

score	0	0	0	0

scr_acc	0	0	0	0

strength	1000	1000	1000	1000

status	0	0	0	0



   000000000011111111112222222222333333333344444444445555555555
   012345678901234567890123456789012345678901234567890123456789
00 133333033333333333333333113031132222222220000000333333333000
01 2.33333333331121333333331111111112WWWWWWWW0WWWWWWW3333333000
02 3.3.033300021113333333332111111112W03333.W0W33333W0000103000
03 133.3..300..11.1331333333333333312W0WWWW0W0W3W133W0000333300
04 ..33333303111111311322211221113212W0W00W3W0W3WWW3W2300330000
05 3333111311111111313313222221111112W0W10W0W0W333W3W0302130000
06 3333313312311111311313212222331112W0W0WW0W0W033W3W3300000000
07 33333333.0011111333311121212111322W0W.010W0W.30W3W3330000200
08 20333331333111113121321221122WWWWWW0WWWWWW0WWWWW3W2330000000
09 3333333120011111111111121112000000000000000333333W2330003000
10 333333311111111WWWWWWWWWWWWWWWWW3WWWWWWWWWWWWW003W2330003000
11 2.3333111111111W..120.233313333W3W33000000003W003W2300033000
12 .03333311111111W.3.333333313333W3W00000013000W003W1330000000
13 .32333331331131W300.30333313333W3W03330001000W.03W2330000000
14 003333331333131W10.332233133333W3W033000000230303W3330000000
15 033330233333031W03133303313WWWWW3W000000003030003W0300000000
16 013000033333031W33333333313W2..33W03330333333330000000000000
17 303300033333311W33033333333W32033W033.0333333300000000000000
18 .03300333333333W33333333313W22323W13320033003300000000000000
19 200000333.33333W33333313333W.3313W23333333333300000000000000
20 .03320333333333W32333313313W23333W30000030000300WWWWWWWWWWW0
21 .0.333333333331W33333333333W33333W2033.330303330W3013.3.23W0
22 003303333333331W3333313WWW3W22133W30220333003333W33333333.W0
23 002303333333311W20333.311W3W33133W00330230000333W.0333WWWWW0
24 330300333333311W333331333W3W13333W03333333100330W133.3W03210
25 331300333330131W..3331311W3W32333W00333333333300W33333W2WWW0
26 331303333333333W2.3333311W3W.2333W0.30131212.303W23333W2W3W0
27 303003333333333W333333311W3W113WWW001.030012.300W33333W0W1W0
28 333303333332131W3WWWWWWWWW3W3.3W.2003.2111131333W23333W3W3W0
29 330003333333331W3W220.33333W223W0000001111113333W33333W2W2W0
30 333333333333333W3W0.2333W3WW..3W002..30111111310W3W333W2W3W0
31 333333333333333W3WWWWWWWW3W.233W00301333.2111110W3W311W2W0W0
32 3033.3323333333W31211233.3W1323W.001.21.01113113W3W333W0W1W0
33 333333333333333W3133223333W.333W2021230301133100W3W333W302W0
34 333033333333333W3333333333W.333W3002111001111100W3W323WWWWW0
35 333323333333333W3..3323333W.333W0000010211100110W3W013330000
36 333333333332333W3333333323W3333W3001000311300100W3W031111100
37 3333323333.3233W3333333333W3WWWW3110001111300002W3W011000100
38 333333333310.33W3333333313W2W1233111101111000003W3W000000000
39 333333333333333W33.3333333W2W0W3WWWWWWWWW1103303W3W000WW2000
40 3WWWWWW33333333W3333333333W2W1W3W3333023W3010300W3W0002W3000
41 3W3333333333333W3333333333W2W0W3W.232321W0031020W3W0003W.000
42 3W3WWWWWWWWWWW3W3333333333W2W3W3W.333333W0000101W3W0000W3000
43 3W2W3302.01..W3W3333333333W2W0W3W3300331W13..011W3W0000WWWW0
44 3W3W333332..3W3W3WWWWWWWW3W2W0W3W3333330WWWWWWWWW3W0000333W0
45 3W3WW323332.3W2W3W3.1232W3W2W2W3W..123330323302333W0WWWWW3W0
46 3W22W303333..W3W3W.32332W3W3W3W3WWWWWWWWWWWWWWWWWWW0W033W3W0
47 3W.3W323.33.3W3W3W.020..W332W.W.33333...........30003123W3W0
48 3W1.W32333323W0W3W3002.3W332W.W.01101..WWWWWWWWWWWWWWWWWW3W0
49 3W2.W3....3..W.W3W033.12W333W.W........W........2222222333W0
50 3W30W3....3.3W.W3W202111W330W.WWWWWWWW.W..222...2222222222W0
51 3W.1W3.......W3W3W333033W330W........W.W........2222222222W0
52 3WWWW3333...3W.W3W302211W330WWWWWWWWWW0W.....3..2322222223W0
53 0000333...3..W3W3W.30211W32000000030000W0....3..222.222222W0
54 3323WWWWWWWW2W.W3W101.11WWWW33233000002W2...23332222222222W0
55 3323W3...3.W.W.W.W...013111W.WWWWWWWWW1W2...23322222222223W0
56 3313W.WWWWWW.W.W.WWWWWWWWW0W3W3333311W0W2...32222222222222W0
57 0333W........W.W.........W0W.W.WWW...W.W....22333232222222W0
58 33.3WWWWWWWWWW.WWWWWWWWWWW0WWW.W.WWWWW.WWWWWWWWWWWWWWWWWWWW0
59 133333333333333......00000000000............11..0321.1133230

units
84
type	id	player	row	column	rounds	next
g	0	0	4	38	0	-1
g	1	1	42	47	49	-1
g	2	2	7	32	0	8
g	3	3	42	2	0	-1
w	4	0	17	50	0	-1
w	5	0	14	58	0	-1
w	6	3	36	8	0	-1
w	7	0	59	59	0	-1
w	8	0	21	47	0	-1
w	9	3	3	54	0	-1
w	10	3	30	45	0	-1
w	11	3	33	3	0	-1
w	12	0	4	35	0	-1
w	13	1	9	22	0	-1
w	14	3	36	21	0	-1
w	15	0	6	35	0	-1
w	16	3	3	16	0	-1
w	17	3	2	20	0	-1
w	18	3	22	20	0	-1
w	19	3	30	3	0	-1
w	20	0	20	47	0	-1
w	21	0	53	3	0	-1
w	22	3	31	3	0	-1
w	23	3	3	57	3	0
w	24	0	22	1	0	-1
w	25	3	24	41	0	-1
w	26	0	19	52	0	-1
w	27	3	44	8	0	-1
w	28	3	41	2	0	-1
w	29	0	5	56	0	-1
w	30	0	44	51	0	-1
w	31	0	18	38	0	-1
w	32	3	21	4	0	-1
w	33	0	47	50	0	-1
w	34	0	56	26	0	-1
w	35	0	38	52	0	-1
w	36	0	14	55	0	-1
w	37	3	24	40	0	-1
w	38	3	20	20	0	-1
w	39	3	52	8	0	-1
w	40	2	6	26	0	-1
w	41	3	36	32	0	-1
w	42	2	53	48	0	-1
w	43	1	9	26	0	-1
w	44	0	8	58	0	-1
w	45	1	30	44	0	-1
w	46	3	29	46	0	-1
w	47	3	23	20	0	-1
w	48	3	40	22	0	-1
w	49	0	9	28	0	-1
w	50	3	32	16	0	-1
w	51	1	9	24	0	-1
w	52	3	23	47	0	-1
w	53	2	53	52	0	-1
w	54	1	7	26	2	2
w	55	0	18	54	0	-1
w	56	3	23	46	0	-1
w	57	3	38	32	0	-1
w	58	3	19	42	0	-1
w	59	2	53	57	0	-1
w	60	0	16	34	0	-1
w	61	0	19	50	0	-1
w	62	3	25	43	0	-1
w	63	3	52	45	0	-1
w	64	3	37	21	0	-1
w	65	2	9	27	1	0
w	66	0	19	53	0	-1
w	67	3	14	23	0	-1
w	68	1	8	25	0	-1
w	69	2	54	52	0	-1
w	70	3	3	17	0	-1
w	71	3	19	44	0	-1
w	72	3	31	16	0	-1
w	73	0	37	35	0	-1
w	74	2	53	53	0	-1
w	75	2	54	51	0	-1
w	76	2	8	24	4	1
w	77	3	4	30	0	-1
w	78	0	19	48	0	-1
w	79	3	24	20	0	-1
w	80	3	16	23	0	-1
w	81	1	7	13	0	-1
w	82	0	35	51	0	-1
w	83	3	11	32	0	-1

books
50
row	column
0	8
2	45
3	52
3	59
4	26
5	13
6	8
9	58
12	8
13	4
17	4
17	14
17	20
24	52
25	36
26	57
29	55
30	30
31	52
32	21
33	55
35	47
39	45
39	49
40	37
40	58
41	25
41	34
42	42
43	2
43	29
43	39
44	11
45	34
45	43
47	9
47	27
47	48
48	20
48	34
49	23
50	11
51	18
54	21
55	12
55	18
55	25
57	9
57	22
57	42

spell_ingredients
15
5 3 6 6 6 6 7 3 7 5 6 3 5 3 4 

Voldemort
49 30

round 200

score	5432	5954	3584	9757

scr_acc	4800	5600	3300	8400

strength	5050	4350	2800	14000

status	0	0	0	0

