Game

Seed 5182

HarryPotter 1.0

NUM_PLAYERS			4
NUM_ROUNDS			200
BOARD_ROWS			60
BOARD_COLS			60
NUM_INI_WIZARDS_PER_CLAN	20
NUM_INI_BOOKS			50
CLAN_INI_MAGIC_STRENGTH		1000
POINTS_FOR_CONVERTING_WIZARD	100
POINTS_PER_OWNED_CELL		1
BOOK_MAGIC_STRENGTH		50
ROUNDS_FOR_CONVERTING		5
ROUNDS_ATTACK_RESTING_GHOST	15
ROUNDS_SPELL_RESTING_GHOST	60
ROUNDS_NO_ATTACK_GHOST		5
names          HarryBet Harry3 Harry2 Harry


   000000000011111111112222222222333333333344444444445555555555
   012345678901234567890123456789012345678901234567890123456789
00 ..................0........0............................2...
01 .WW.WWWWWWW........WWWW.WWWWWWWWWWWWWWWWWWWWWWWWWWWWWWWWWWW.
02 ..W.W.....W....3.W.W..W.W.................................W.
03 ..W.W.W...W.3....W.W.WW.W3.WWWW.WWWWWWWWW.WWWWWWWWWWWWWWW.W.
04 ..W.W.WWW.W......W.W....W..W..W.W.......W.W....1......0.W.W.
05 ..W.W...W.W......W.WWWWWW..W..W.W.WWWWW.W.W.............W.W.
06 ..W.W.WWW.W......W.........W..W.W.W...W.W.W.............W.W.
07 ..W.W.W...W..1...W.....3...W..W.W.W.W.W.W.W.W.....2.....W.W.
08 ..W.W.W...W......W.........W1.W.W.W.WWW.W.W.W...........W.W.
09 ..W.W.W...W......W.3.......W..W.W.W.....W.W.W..WWWWWWW..W.W.
10 ..W.W.W...W..2..3W.........W..W.W.WWWWWWW.W.W..W....0W..W.W.
11 ..W.W.W...W......WWWWWW....W..W.W.........W.W..W.WWW.W..W.W.
12 ..W.W.W...W...........W1...W..W.WWWWWWWWWWW.WWWW.W.W.W..W.W.
13 ..W.W.W......WWWWWWWW.W....W..W..................W.W.W..W.W.
14 ..W.W3W.............W.W....W..W..2....3.....3.WWWW.W.W..W.W.
15 ..W.W.WWWW..........W.W....W..W...............W....W.W..W.W.
16 .3W.W....W..........W.W....W..W..........2....W.WW.W.W..W.W.
17 ..W.WWWWWW..2.WWWWWWW.W....W..WWWWWWWWWWWWWWW.W.W..W.W0.W.W.
18 ..W........WW.W.......W2...W...2....2.......W.W.WWWW.W..W.W.
19 ..W........W..W.......W....W.WWWWWWWW..3......W.1....W..W2W.
20 ..W........W..W.......W.WWWW.W......WWWWWWWWWWW.WWWWWW..W.W.
21 ..W........WW.W.......W.W....W...............0..W.......W.W.
22 ..W......3..W.W....0..W.W....WWWWWWWWWWWWWWWWWWWW.......W.W.
23 ..W.........W.W3......W.W....0..........................W.W.
24 ..W.........W.W.......W.WWWWWWWWWWWWW...................W.W.
25 ..W.........W.W.......W.............W.WWWWWWWWWWWWWWWWWWW.W.
26 ..W.........W.W.......W.............W.................0...W.
27 .WW........1W.W.......W...2..1......W..WWWWW0.............W.
28 .W2...1.....W.W..WWW..W.........2...W..W...W..............W.
29 .WWWWWWWWW..W.W..W.W..WWWWWWWWWWWWW.W..W...W.......1......W.
30 .........W..W.W..W.W3..1..........W.W..W...W..............W.
31 .........W..W.W..W.WWWWWWWWWWWWWW.W.WWWW...W..............W.
32 ....1....W..W.W..W..............W.W........W...2..........W.
33 .........W..W.W..W0...........0.W.WWWWWWWWWW..............W.
34 .........W..W.W..W...2..........W.........................W.
35 .........W..W.W..W..............W.WWWW....................W.
36 .........W..W.W..W1.............W.W..W.......1..........2.W.
37 ........1W..W.W..W.......1......W.W..W....................W.
38 .........W..W.W..W..............W.W..W....................W.
39 .........W..W.W..W...1..........W.W..W3..............2....W.
40 .........W..W.W..W..............W.W..W...................2W.
41 .........W..W.W..W..............W.W..W....................W.
42 .........W..W.W..W..............W.W..W.2..................W.
43 ...1.....W..W.W..W..............W.W..W....................W.
44 .........W..W.W..W..............W.W..W....................W1
45 .........W..W.W..W..............W.W..W..1..........2......W.
46 .........W..W.W..W..............W.W..W.............WWWWWW.W.
47 .........W..W.W..W........3.....W.W..W..................W.W.
48 .........W..W.W..W..............W.W..W....................W.
49 .........W..W.W..W.........WWW..W.W..W0.....WWWWWWWWWWWWWWW.
50 .........W.3W.W..W.....3...W.W..W.W..W...................0..
51 .........W..W.W..W.........W.W..W.W..W......................
52 .........W..W.W..W........0W.W..W.W..W......0...............
53 .....3...W..W.W..W.........W.W..W.W..W.3....................
54 ........1W..W.W..W.........W.W..W.WW.W......................
55 .........W..W.W..W.....1...W.W..W....W......................
56 0........W..W.W0.WWWWWWWWWWW.W..WWWWWW0.....................
57 .........W..W.W..............W.0................3.......2...
58 .........WWWW.WWWWWWWWWWWWWWWW..............................
59 .......................................0....................

units
84
type	id	player	row	column	rounds	next
g	0	0	4	54	60	-1
g	1	1	12	23	60	-1
g	2	2	19	57	60	-1
g	3	3	9	19	60	-1
w	4	0	50	57	0	-1
w	5	0	52	26	0	-1
w	6	0	26	54	0	-1
w	7	0	49	38	0	-1
w	8	0	33	30	0	-1
w	9	0	23	29	0	-1
w	10	0	33	18	0	-1
w	11	0	17	54	0	-1
w	12	0	0	18	0	-1
w	13	0	10	52	0	-1
w	14	0	0	27	0	-1
w	15	0	56	38	0	-1
w	16	0	52	44	0	-1
w	17	0	56	0	0	-1
w	18	0	22	19	0	-1
w	19	0	21	45	0	-1
w	20	0	57	31	0	-1
w	21	0	56	15	0	-1
w	22	0	59	39	0	-1
w	23	0	27	44	0	-1
w	24	1	4	47	0	-1
w	25	1	36	45	0	-1
w	26	1	44	59	0	-1
w	27	1	7	13	0	-1
w	28	1	28	6	0	-1
w	29	1	37	8	0	-1
w	30	1	27	11	0	-1
w	31	1	27	29	0	-1
w	32	1	54	8	0	-1
w	33	1	19	48	0	-1
w	34	1	39	21	0	-1
w	35	1	37	25	0	-1
w	36	1	29	51	0	-1
w	37	1	45	40	0	-1
w	38	1	36	18	0	-1
w	39	1	8	28	0	-1
w	40	1	55	23	0	-1
w	41	1	32	4	0	-1
w	42	1	30	23	0	-1
w	43	1	43	3	0	-1
w	44	2	17	12	0	-1
w	45	2	28	32	0	-1
w	46	2	57	56	0	-1
w	47	2	45	51	0	-1
w	48	2	16	41	0	-1
w	49	2	39	53	0	-1
w	50	2	27	26	0	-1
w	51	2	18	36	0	-1
w	52	2	14	33	0	-1
w	53	2	42	39	0	-1
w	54	2	7	50	0	-1
w	55	2	18	31	0	-1
w	56	2	40	57	0	-1
w	57	2	18	23	0	-1
w	58	2	10	13	0	-1
w	59	2	0	56	0	-1
w	60	2	36	56	0	-1
w	61	2	34	21	0	-1
w	62	2	32	47	0	-1
w	63	2	28	2	0	-1
w	64	3	2	15	0	-1
w	65	3	57	48	0	-1
w	66	3	39	38	0	-1
w	67	3	7	23	0	-1
w	68	3	19	39	0	-1
w	69	3	50	11	0	-1
w	70	3	14	44	0	-1
w	71	3	30	20	0	-1
w	72	3	47	26	0	-1
w	73	3	53	39	0	-1
w	74	3	53	5	0	-1
w	75	3	22	9	0	-1
w	76	3	10	16	0	-1
w	77	3	16	1	0	-1
w	78	3	14	5	0	-1
w	79	3	3	12	0	-1
w	80	3	14	38	0	-1
w	81	3	3	25	0	-1
w	82	3	23	15	0	-1
w	83	3	50	23	0	-1

books
50
row	column
0	38
1	3
2	50
6	36
6	57
11	55
12	0
12	29
14	18
18	5
19	51
22	23
23	3
23	54
24	38
24	51
27	23
28	16
28	59
29	38
30	11
30	35
32	27
34	0
34	39
34	52
35	13
36	4
41	7
41	48
42	43
44	11
44	26
44	35
47	2
47	19
47	44
48	5
48	29
49	15
50	51
51	2
53	33
53	59
55	43
56	52
58	3
58	6
58	59
59	13

spell_ingredients
15
7 6 6 6 10 8 6 7 6 6 9 10 7 11 10 

Voldemort
46 48

round 0

score	0	0	0	0

scr_acc	0	0	0	0

strength	1000	1000	1000	1000

status	0	0	0	0

