Game

Seed 645313

HarryPotter 1.0

NUM_PLAYERS			4
NUM_ROUNDS			200
BOARD_ROWS			60
BOARD_COLS			60
NUM_INI_WIZARDS_PER_CLAN	20
NUM_INI_BOOKS			50
CLAN_INI_MAGIC_STRENGTH		1000
POINTS_FOR_CONVERTING_WIZARD	100
POINTS_PER_OWNED_CELL		1
BOOK_MAGIC_STRENGTH		50
ROUNDS_FOR_CONVERTING		5
ROUNDS_ATTACK_RESTING_GHOST	15
ROUNDS_SPELL_RESTING_GHOST	60
ROUNDS_NO_ATTACK_GHOST		5
names          Null Harry3 Harry2 Harry


   000000000011111111112222222222333333333344444444445555555555
   012345678901234567890123456789012345678901234567890123456789
00 ................0..................................3........
01 .......................WWWWWWWWWWWWWWWWWW.WWWWWWWWWWWWWWWWW.
02 .......................W.......0........W.W...............W.
03 ..2.....WWWWWWWWWWWWWW.W..1.............W.W...............W.
04 ..W.....W............W.W...W............W.W...............W.
05 .WW.....W.WW.........W2W...W.....2......W.W...............W.
06 .W......W..WWWWWWWWWWW.W...W............W.W...............W.
07 .W......W..............WWWWW..0.........W.W2..............W.
08 .W......WW.....W..WWWW..................W.W...2...........W.
09 .W.......W.....W..W..W..................W.WWWWW........0..W.
10 .W.......W....1W..W..W..............W...W.....W...........W.
11 .W.......W.....W..W..W............2WW...W.....W...........W.
12 .W.......W.....W..W3.W.WWWWWWWWWWWWW...0W.....W...........W.
13 .W......1W.0...W..W..W.W................W.....W...........W.
14 .W.......W.....W..W..W.......WWWWWWWWWW.W.....W...1.....2.W.
15 .WWWWWWWWW.....W..W..WWWWWWWWW...1...1W.W.....W...........W.
16 .....1.........W..W..2........3...WWW.W.W.....W...........W.
17 ..WWWWWWWWWWWWWW..W.......3.......W.W.W.W.3...W...........W.
18 ..W...............W...............W.W.W.W.....W...........W.
19 ..W.WW.2.........3W............2..W0W.W.W.....W...1....3..W.
20 ..W..W............W..........WWWW.W...W.W.WWW.W...........W.
21 ..W..W............W.............W.WWWWW.W.W.W.W...........W.
22 0.W3.W3...........W.....................W.W...W...........W.
23 ..W..W............W......3......WWWWWWWWW.WWWWW...........W.
24 ..W..W............W.............W..........0..............W.
25 ..W..0............W.3...........W.1....WWWWWWWWWWWWWW.....W.
26 ..WWWWWWWWWWWWWWWWW.............W......W............W.....W.
27 ..............................3.W......W............W.2...W.
28 .3.WWW.3...............3........W..0...W....3...0..2W.....W.
29 ...W.W..........................W......W1...........W.....W.
30 ...W.W.....2...................0W......W............W.....W.
31 ...W.WWWWWWWWWWWWWWWWWWWWWWW....WWW....W............W.....W.
32 ...W.................0.....W......W....W....0.......WWWWWWW2
33 ...WWWW.WWWWWWW.WWWWWWWWWW.W......W....W....................
34 ......1.W.....W.W........W.W......W....WWWWWWWWWWWWWWWWWWWW.
35 ........W.....W.W........W0W......W.........................
36 ..WWWWWWW.....W.W........W.W......W........................2
37 ..W....2......W.W..1.....W.W......WW.3.............1........
38 ..W.WWWWWWWWW.W.W........W.W.......WWWWWWWWWWWWWWWWWWWWWWWW.
39 ..W.W.......W.W.W........W.W..........................2...W.
40 ..W.W.WWWWW.W.W.W........W.W..........1...................W.
41 ..W.W1W...W.W.W.W........WWW.WWWWWWWWWWWWWWWWWWWWWWWWWWWWWW.
42 ..W.W.W.W.W.W.W.W..........0.W....................1.........
43 ..W.W.W.W.W.W.W.W............W............WWWWWWWWWWWWWWWWW.
44 ..W.W.W.W.W.W.W.W............W............W..........0....W.
45 ..W.W.W.W.W.W.W.W............W............W...............W.
46 ..W.W.W.W.W.W.W.W............W............W...............W.
47 ..W.W.W.W.W.W.W.W1...........W.2..........W.....3......0..W.
48 ..W.W.W.W.W.W.W.W............W............W...............W1
49 ..W.W.W3W.W.W.W.W.....1......W............W.1.............W.
50 ..W.W.W.WWW.W.W.W............W............W.............0.W.
51 ..W.W.W.....W.W.W............W............W.....2...3.....W.
52 ..W.W.WWWWWWW.W.W............W............W...............W.
53 ..W.W.........W.W....2.......W............W...............W.
54 ..W.WWWWWWWWWWW.W............W............W...............W.
55 ..W.............W............W2...........W...............W.
56 ..W.............W............W....3.......WWW.............W.
57 ..W.0...........W............W........1...................W.
58 ..WWWWWWWWWWWWWWW............WWWWWWWWWWWWWWWWWWWWWWWWWWWWWW.
59 ............................................................

units
84
type	id	player	row	column	rounds	next
g	0	0	30	31	60	-1
g	1	1	37	19	60	-1
g	2	2	7	43	60	-1
g	3	3	28	1	60	-1
w	4	0	32	21	0	-1
w	5	0	42	27	0	-1
w	6	0	13	11	0	-1
w	7	0	44	53	0	-1
w	8	0	57	4	0	-1
w	9	0	0	16	0	-1
w	10	0	19	35	0	-1
w	11	0	9	55	0	-1
w	12	0	25	5	0	-1
w	13	0	32	44	0	-1
w	14	0	2	31	0	-1
w	15	0	12	39	0	-1
w	16	0	50	56	0	-1
w	17	0	22	0	0	-1
w	18	0	47	55	0	-1
w	19	0	35	26	0	-1
w	20	0	7	30	0	-1
w	21	0	28	48	0	-1
w	22	0	24	43	0	-1
w	23	0	28	35	0	-1
w	24	1	40	38	0	-1
w	25	1	10	14	0	-1
w	26	1	15	33	0	-1
w	27	1	57	38	0	-1
w	28	1	49	22	0	-1
w	29	1	34	6	0	-1
w	30	1	19	50	0	-1
w	31	1	49	44	0	-1
w	32	1	3	26	0	-1
w	33	1	41	5	0	-1
w	34	1	16	5	0	-1
w	35	1	42	50	0	-1
w	36	1	25	34	0	-1
w	37	1	48	59	0	-1
w	38	1	13	8	0	-1
w	39	1	47	17	0	-1
w	40	1	14	50	0	-1
w	41	1	15	37	0	-1
w	42	1	29	40	0	-1
w	43	1	37	51	0	-1
w	44	2	16	21	0	-1
w	45	2	32	59	0	-1
w	46	2	19	31	0	-1
w	47	2	36	59	0	-1
w	48	2	19	7	0	-1
w	49	2	51	48	0	-1
w	50	2	5	33	0	-1
w	51	2	28	51	0	-1
w	52	2	5	22	0	-1
w	53	2	53	21	0	-1
w	54	2	3	2	0	-1
w	55	2	37	7	0	-1
w	56	2	39	54	0	-1
w	57	2	11	34	0	-1
w	58	2	8	46	0	-1
w	59	2	14	56	0	-1
w	60	2	47	31	0	-1
w	61	2	55	30	0	-1
w	62	2	27	54	0	-1
w	63	2	30	11	0	-1
w	64	3	17	42	0	-1
w	65	3	28	23	0	-1
w	66	3	56	34	0	-1
w	67	3	28	44	0	-1
w	68	3	22	6	0	-1
w	69	3	17	26	0	-1
w	70	3	28	7	0	-1
w	71	3	51	52	0	-1
w	72	3	19	55	0	-1
w	73	3	22	3	0	-1
w	74	3	23	25	0	-1
w	75	3	47	48	0	-1
w	76	3	49	7	0	-1
w	77	3	25	20	0	-1
w	78	3	19	17	0	-1
w	79	3	16	30	0	-1
w	80	3	12	19	0	-1
w	81	3	37	37	0	-1
w	82	3	27	30	0	-1
w	83	3	0	51	0	-1

books
50
row	column
0	5
1	12
2	22
4	10
5	13
6	36
6	49
7	16
8	6
10	29
10	50
14	42
19	47
20	12
22	34
23	16
23	48
23	52
24	57
29	16
29	19
30	55
32	28
32	36
32	49
33	1
34	13
36	0
36	30
36	33
36	55
37	12
38	23
39	57
41	13
42	21
45	24
45	27
46	21
49	3
49	37
52	0
52	25
52	36
56	12
56	45
57	20
58	27
59	33
59	50

spell_ingredients
15
3 3 2 3 2 3 3 2 3 2 2 2 1 2 2 

Voldemort
44 18

round 0

score	0	0	0	0

scr_acc	0	0	0	0

strength	1000	1000	1000	1000

status	0	0	0	0

