Game

Seed 569680

HarryPotter 1.0

NUM_PLAYERS			4
NUM_ROUNDS			200
BOARD_ROWS			60
BOARD_COLS			60
NUM_INI_WIZARDS_PER_CLAN	20
NUM_INI_BOOKS			50
CLAN_INI_MAGIC_STRENGTH		1000
POINTS_FOR_CONVERTING_WIZARD	100
POINTS_PER_OWNED_CELL		1
BOOK_MAGIC_STRENGTH		50
ROUNDS_FOR_CONVERTING		5
ROUNDS_ATTACK_RESTING_GHOST	15
ROUNDS_SPELL_RESTING_GHOST	60
ROUNDS_NO_ATTACK_GHOST		5
names          HarryBet Harry3 Harry2 Harry


   000000000011111111112222222222333333333344444444445555555555
   012345678901234567890123456789012345678901234567890123456789
00 .1.....0..................3..................0..............
01 ..WWWWWWWWWWWWWWW.WWWWWWWWWWWWWW.WWWWWWWW.WWWW..0...........
02 ..W.........1...W.W............W.W......W.W..W..............
03 ..W....WWWWWWWW.W.W.........WW.W.W........W..W..............
04 .......W......W.W.WWWWWWWWWWW..W.WWWWWWWWWW3.W..............
05 .......W......W.W..............W.............W.....WWWWWWW..
06 .....2.W......W.WWWWWWWW.......W.............W.....W........
07 .1.....W......W.......3W.......W.............W..2..W.WWWWW..
08 .......W......W........WWWWWWWWW.............W.....W.....W..
09 .......W......W.................2............W.....WWWWWWW..
10 .WWWWWWW......W.......WWWWWWWWWWWWWWWWW..2...W...1..........
11 .W............W.......W...............W......W..............
12 .W....3....1..W.......W.......1.......W......W..............
13 .W............W.......W....3..........W..2...W..............
14 .W............W.......W...............W......W..............
15 .W............W.......W...............W......W..2...........
16 .W.........1..W.......W.......2.......W.1....W..............
17 .W............W.......W..1............W......W..............
18 .W............W.......W...............W......W..............
19 .W............W.......W.............2.W......W.........0....
20 .W............W......0W...............W......W..............
21 .W............W.......W.....0...3.....WWWWWWWW.............1
22 .W..1.........W.......W.....................................
23 .W............WWWWWWWWW.....................2...............
24 .W.................................................1........
25 .W.........WWWWWWWWWWWW........................0........3...
26 .W.........W.............3.............WWWWWWWWWWWWWWWWWWWW.
27 .W.........W.WWWW..2........3..........W..................W.
28 .W.......0.W.W3.W..................1...W.WWWWWWWWWWWWW.WW.W.
29 .W.........W.W..W......................W.W...........W.W..W.
30 .W...2.....W.W..W...............0......W.W.WWWWWWWWW.W.W..W.
31 .W3........W.WW.W......................W.W.........W.W.W..W.
32 .W.........W....W3................WWWWWW.WWWWWWWWWWW.W.W..W.
33 .W....0....WWWWWW.................W.....2.....3......W.W..W.
34 .W.........................0......W.WW..WWWWWWWWWWWWWW3W..W.
35 .W................................W..W..W..............W..W.
36 .W................................W..W..W.3............W..W.
37 .W...........1....1...............W..W..W.....1........W..W.
38 .W1...............................W..W..W..............W..W.
39 .W...............................2W..W..W..............W..W.
40 .W.WWWWWWWWWWWW.WWWWWWWWWWWWWWWWWWW..W..W..3...........W..W.
41 .W.W............W....................W.1W..............W..W2
42 .W.W............W....................W..WWWWWWWW.......W..W.
43 .W.W.3..........W....................W......0..W.......W..W.
44 .W.W............WWWWWWWWWWWWWWW......W.........W.......W..W.
45 .W.WWWWWWW.......0............W......W2........W.......W..W.
46 .W.......W......W.............W......W.........W.......W..W.
47 .WW.WWWW.W......W.............W......W.................W..W.
48 ..W.W....W2.....W.............W..................3..0..W..W.
49 ..W.WWWWWW......W.............W........................W..W.
50 ..W.............W3............W........................W..W.
51 ..WWWWWWWWWWWWWWW............3W........1...............W..W.
52 ..............................W........................W..W.
53 ............0...0..2..........W.0..............0.......W..W.
54 ..............................W........................W..W.
55 .........................2....WWWWWWWWW....2........0..WWWW.
56 ...1........................................................
57 ....................1..................................0....
58 ..........................................0.................
59 ..............2................2......3.....................

units
84
type	id	player	row	column	rounds	next
g	0	0	53	12	60	-1
g	1	1	38	2	60	-1
g	2	2	59	31	60	-1
g	3	3	21	32	60	-1
w	4	0	33	6	0	-1
w	5	0	53	32	0	-1
w	6	0	58	42	0	-1
w	7	0	55	52	0	-1
w	8	0	1	48	0	-1
w	9	0	20	21	0	-1
w	10	0	28	9	0	-1
w	11	0	25	47	0	-1
w	12	0	0	7	0	-1
w	13	0	19	55	0	-1
w	14	0	48	52	0	-1
w	15	0	53	47	0	-1
w	16	0	21	28	0	-1
w	17	0	0	45	0	-1
w	18	0	53	16	0	-1
w	19	0	57	55	0	-1
w	20	0	45	17	0	-1
w	21	0	30	32	0	-1
w	22	0	43	44	0	-1
w	23	0	34	27	0	-1
w	24	1	0	1	0	-1
w	25	1	2	12	0	-1
w	26	1	51	39	0	-1
w	27	1	24	51	0	-1
w	28	1	22	4	0	-1
w	29	1	37	13	0	-1
w	30	1	28	35	0	-1
w	31	1	16	11	0	-1
w	32	1	56	3	0	-1
w	33	1	7	1	0	-1
w	34	1	41	39	0	-1
w	35	1	12	30	0	-1
w	36	1	17	25	0	-1
w	37	1	37	46	0	-1
w	38	1	21	59	0	-1
w	39	1	37	18	0	-1
w	40	1	57	20	0	-1
w	41	1	12	11	0	-1
w	42	1	10	49	0	-1
w	43	1	16	40	0	-1
w	44	2	41	59	0	-1
w	45	2	10	41	0	-1
w	46	2	9	32	0	-1
w	47	2	13	41	0	-1
w	48	2	33	40	0	-1
w	49	2	23	44	0	-1
w	50	2	30	5	0	-1
w	51	2	15	48	0	-1
w	52	2	16	30	0	-1
w	53	2	27	19	0	-1
w	54	2	55	25	0	-1
w	55	2	48	10	0	-1
w	56	2	45	38	0	-1
w	57	2	39	33	0	-1
w	58	2	6	5	0	-1
w	59	2	7	48	0	-1
w	60	2	19	36	0	-1
w	61	2	59	14	0	-1
w	62	2	55	43	0	-1
w	63	2	53	19	0	-1
w	64	3	59	38	0	-1
w	65	3	48	49	0	-1
w	66	3	34	54	0	-1
w	67	3	13	27	0	-1
w	68	3	25	56	0	-1
w	69	3	40	43	0	-1
w	70	3	33	46	0	-1
w	71	3	50	17	0	-1
w	72	3	0	26	0	-1
w	73	3	31	2	0	-1
w	74	3	32	17	0	-1
w	75	3	4	43	0	-1
w	76	3	26	25	0	-1
w	77	3	28	14	0	-1
w	78	3	7	22	0	-1
w	79	3	36	42	0	-1
w	80	3	43	5	0	-1
w	81	3	51	29	0	-1
w	82	3	27	28	0	-1
w	83	3	12	6	0	-1

books
50
row	column
1	53
4	59
5	38
7	26
7	29
7	43
9	4
9	10
11	16
11	23
13	2
14	35
16	21
17	51
18	2
18	33
19	11
21	24
22	15
22	36
23	0
24	12
25	31
27	59
30	40
30	59
31	29
31	35
32	9
35	36
37	27
39	24
39	36
42	34
43	48
44	11
46	14
46	26
47	31
47	42
49	0
50	4
50	33
50	59
51	50
52	23
53	2
56	30
57	47
59	0

spell_ingredients
15
6 7 7 6 4 6 5 7 5 7 4 4 5 6 6 

Voldemort
35 31

round 0

score	0	0	0	0

scr_acc	0	0	0	0

strength	1000	1000	1000	1000

status	0	0	0	0

