Game

Seed 595691

HarryPotter 1.0

NUM_PLAYERS			4
NUM_ROUNDS			200
BOARD_ROWS			60
BOARD_COLS			60
NUM_INI_WIZARDS_PER_CLAN	20
NUM_INI_BOOKS			50
CLAN_INI_MAGIC_STRENGTH		1000
POINTS_FOR_CONVERTING_WIZARD	100
POINTS_PER_OWNED_CELL		1
BOOK_MAGIC_STRENGTH		50
ROUNDS_FOR_CONVERTING		5
ROUNDS_ATTACK_RESTING_GHOST	15
ROUNDS_SPELL_RESTING_GHOST	60
ROUNDS_NO_ATTACK_GHOST		5
names          Null Harry3 Harry2 Harry


   000000000011111111112222222222333333333344444444445555555555
   012345678901234567890123456789012345678901234567890123456789
00 ........................1.....................2.........3..3
01 .....................0...................W............WWWWW.
02 .WWWWWW.........................1........W............W...W.
03 .W..0............2.......................W............W.W.W.
04 .W.WWWW...............2..................W...........0W.W.W.
05 .W.W..W.WWWWW.............1..............W......0.....W.W3W.
06 .W.W..W.W...W............................W............W.W.W.
07 .W.W..W.W.WWW...3........................W...1........W.W.W.
08 .W.W..W.W...........1..................2.W.........WW.W.W.W.
09 .W.WW.W.WWWWWWWWWWWWWWWWWWWWWWWWWWWWWWWWWW..........W.W.WWW.
10 .W....W......2...2.........................3........1.W.....
11 .W.WWWW...........................WWWWWWWWWWWWWWWWWWW.W.....
12 0W.W.............................3W.................W.W.....
13 .W.W2..........W.........3........W.WWWWWWWWWWWWWWW.W.W.....
14 .W.W...........W....0.............W.W.............W.W.W.....
15 .W.W...........W..................W.W..W.WWWWWWWW.W.W.W.....
16 .W.W.2.....0...W..................W2W..W.W......W.W.W.W.....
17 .W.W...........W......0...........W.W..W.W.WWW..W.W.W.W.....
18 .W.W...........W..................W.W..W2W.W.W..W.W.W.W.....
19 .W.W.0.........WWWWWWWWWWWWWWW....W.W..W.W.W.WW.W.W.W.WW....
20 .W.W.......0....3.....2......WWWW.W.W..W.W.W..W.W.W.W..W....
21 .W.W.............WWWWWWWWWWW....W.W.W..W.W.W..W.W.W.W..W....
22 .W.W.............W.........W....W.W.W..W.W.W..W.W.W.W..W2...
23 .W.W...WWWWWWWWW.W.W.......W....W.W.W0.W.W.W..W.W.W.W..W....
24 .W2W...........WWW.WWWWWWWWW3...W.W.W..W.W.W..W.W.W.WWWW....
25 .W.W...2........................W.W.W..W.W.W..W.W.W.........
26 .W.WWWWWWWWWWWWWWWWWWWWWWWWWWWWWW.W.W..W.W.W..W.W.W........2
27 .W...........1....................W.W2.W.W.W.WW.W.W.........
28 .W...................1............W.W..W.W1W....W.W.........
29 .W1.....................0.........W.W..W.W.WWWWWW.W.......3.
30 .W.........2..................2...W.W..W.W...1....W...1.....
31 .W...0...........3................W.W..W.WWWWWWWW.W.........
32 .W................................W.W..W........W.W......1..
33 .W.....................1..........W.W..W.WWWWWW.W.W.........
34 .W.....1..........................W.W..W.W......W.W3........
35 .W............2...................W.W..W.W..WWW.W.W.........
36 .W............................3...W.W..W.W....W.W.W.........
37 .W................................W.W..W.W....W.W.W.........
38 .W.......................3........W.W..W.W....W.WWW.........
39 .W0...........................3...W.W..W.W....W......1.....3
40 .W...............1................W.W0.W.WWWWWW.............
41 .W................................W.WWWW....................
42 .W................................W....................0....
43 .W................................W.WW.WWWWWWWWWWWW.W.......
44 .W....3...........................W.W..W..........W.W.......
45 .W................................W.W..W..........W.W.......
46 1W................................W.W..W..........W.W.......
47 .W..0.............................W.W..W..........W.W3......
48 .W................................W.W..W..3.......W.W.......
49 .W......0......0...........WWWWWWWW.WWWW..........W.W.......
50 .W.........................W......................W.W.......
51 .W.......................2.W.......WWWWWWWWWWWWWWWW.W.......
52 .W..1....3.................W.......W................W.......
53 .W.........................W.......W................W.......
54 .W.........................W.......W................W.......
55 .W.......0..0......1.......W.......W................W.......
56 .W.........................W2WWWWWWW................W.......
57 .W.........................W.W..............1.......W.......
58 .WWWWWWWWWWWWWWWWWWWWWWWWWWW.WWWWWWWWWWWWWWWWWWWWWWWW.......
59 .....................3......................................

units
84
type	id	player	row	column	rounds	next
g	0	0	55	9	60	-1
g	1	1	57	44	60	-1
g	2	2	18	40	60	-1
g	3	3	38	25	60	-1
w	4	0	49	8	0	-1
w	5	0	40	37	0	-1
w	6	0	49	15	0	-1
w	7	0	23	37	0	-1
w	8	0	55	12	0	-1
w	9	0	4	53	0	-1
w	10	0	12	0	0	-1
w	11	0	16	11	0	-1
w	12	0	17	22	0	-1
w	13	0	3	4	0	-1
w	14	0	39	2	0	-1
w	15	0	5	48	0	-1
w	16	0	47	4	0	-1
w	17	0	31	5	0	-1
w	18	0	1	21	0	-1
w	19	0	42	55	0	-1
w	20	0	14	20	0	-1
w	21	0	20	11	0	-1
w	22	0	19	5	0	-1
w	23	0	29	24	0	-1
w	24	1	55	19	0	-1
w	25	1	39	53	0	-1
w	26	1	7	45	0	-1
w	27	1	10	52	0	-1
w	28	1	30	54	0	-1
w	29	1	28	42	0	-1
w	30	1	0	24	0	-1
w	31	1	32	57	0	-1
w	32	1	8	20	0	-1
w	33	1	28	21	0	-1
w	34	1	40	17	0	-1
w	35	1	29	2	0	-1
w	36	1	27	13	0	-1
w	37	1	34	7	0	-1
w	38	1	52	4	0	-1
w	39	1	33	23	0	-1
w	40	1	2	32	0	-1
w	41	1	30	45	0	-1
w	42	1	46	0	0	-1
w	43	1	5	26	0	-1
w	44	2	27	37	0	-1
w	45	2	3	17	0	-1
w	46	2	16	5	0	-1
w	47	2	16	35	0	-1
w	48	2	24	2	0	-1
w	49	2	35	14	0	-1
w	50	2	10	13	0	-1
w	51	2	56	28	0	-1
w	52	2	13	4	0	-1
w	53	2	26	59	0	-1
w	54	2	20	22	0	-1
w	55	2	30	11	0	-1
w	56	2	22	56	0	-1
w	57	2	51	25	0	-1
w	58	2	30	30	0	-1
w	59	2	25	7	0	-1
w	60	2	8	39	0	-1
w	61	2	4	22	0	-1
w	62	2	10	17	0	-1
w	63	2	0	46	0	-1
w	64	3	10	43	0	-1
w	65	3	39	30	0	-1
w	66	3	29	58	0	-1
w	67	3	52	9	0	-1
w	68	3	47	53	0	-1
w	69	3	12	33	0	-1
w	70	3	24	28	0	-1
w	71	3	44	6	0	-1
w	72	3	13	25	0	-1
w	73	3	5	57	0	-1
w	74	3	36	30	0	-1
w	75	3	0	59	0	-1
w	76	3	59	21	0	-1
w	77	3	48	42	0	-1
w	78	3	20	16	0	-1
w	79	3	0	56	0	-1
w	80	3	39	59	0	-1
w	81	3	34	51	0	-1
w	82	3	7	16	0	-1
w	83	3	31	17	0	-1

books
50
row	column
0	6
0	42
1	50
2	11
3	37
6	36
7	4
8	57
10	30
11	57
13	11
14	53
15	16
15	28
17	58
18	44
18	55
20	19
23	47
27	49
32	40
35	20
35	55
36	47
38	40
39	56
40	9
42	24
42	27
42	41
43	11
45	38
45	43
46	12
47	49
47	56
47	59
50	28
51	55
52	34
53	38
53	41
54	23
55	16
55	51
56	36
56	58
59	29
59	35
59	57

spell_ingredients
15
10 5 8 7 6 7 9 9 5 7 6 11 7 10 8 

Voldemort
2 29

round 0

score	0	0	0	0

scr_acc	0	0	0	0

strength	1000	1000	1000	1000

status	0	0	0	0

