Game

Seed 288604

HarryPotter 1.0

NUM_PLAYERS			4
NUM_ROUNDS			200
BOARD_ROWS			60
BOARD_COLS			60
NUM_INI_WIZARDS_PER_CLAN	20
NUM_INI_BOOKS			50
CLAN_INI_MAGIC_STRENGTH		1000
POINTS_FOR_CONVERTING_WIZARD	100
POINTS_PER_OWNED_CELL		1
BOOK_MAGIC_STRENGTH		50
ROUNDS_FOR_CONVERTING		5
ROUNDS_ATTACK_RESTING_GHOST	15
ROUNDS_SPELL_RESTING_GHOST	60
ROUNDS_NO_ATTACK_GHOST		5
names          Dummy Dummy MARTA_12 Harry


   000000000011111111112222222222333333333344444444445555555555
   012345678901234567890123456789012345678901234567890123456789
00 .....................................3..2........2..........
01 ..1...........WWWWWWWWWWWWWWWWW...WWWWWWWWWWWWWWWWWWWWWWWW..
02 .............3W...............W...W..........1...........W..
03 .........0....W.....1......3..W..1W.......WWWWWWWWWWWWWWWW0.
04 ..............W...............W...W.......W.................
05 ...1..........W...............W...W.......W.................
06 ..............W......0......0.W...W.......W.................
07 ..............W.1.............W...W.1.....W.................
08 ...1..........W...............WWWWW.......W....1............
09 .......2......W...........................W................0
10 ..............W.....WWWWWWW...............W..WWWWWWWWWWWWWW.
11 ..............W.....W...0.W...............W..W............W.
12 ..............W.2...W.....W...............W..W.WWWWWWWWWW.W.
13 .WWWWWWW......WWWWWWW.....W..2...........2W..W..........W.W.
14 .W...1.W..................W...............W..WWWWWWWWWWWW.W.
15 .W.WWW.W..........2.......WWWWWWWWWWWWWWW.W..0........2...W.
16 .W.W.W.W................................W.W...............W.
17 .W.W.W.W...3................2...WWWWWWW.W.W...............W.
18 .W.W...W..........2...0.........W..3..WWW.W.....3.........W.
19 .W.WWWWW........................W.........W...............W.
20 .W............2.................W......1..WWWWWWWW........W.
21 .WWWWWWWWWWWWWWWWWWWWWWWWWWWW...W......................0..W.
22 ........2.......................W.........................W.
23 .W..W.WWWWWW.............0..WWW.W.........................W.
24 .WWWW.W....W...3............W.W.W..3......................W.
25 0.....W.WW.W................W.W.W................2........W.
26 .WW.WWW..W.W................W.W.W........WWWWWWWWWWWWWWWWWW.
27 ..W.W....W.W......2.........W.W.W....3...W...2..............
28 ..W.W...3W.W................W.W.W........W.WWWWWWWWWWWWWWWW.
29 ..W.W....W.W................W.W3W........W.W.......1......W.
30 ..W.W.WWWW.W........0.......W.W.W..0.....W.W.WWWWWWWWWWWW.W.
31 ..W.W.W....W................W.W.W........W.W............W.W.
32 ..W.W.W....W..............2.W.W.W........W.WWWWWWWWWWWWWW0W.
33 ..W.W.W....W................W.W.W........W................W.
34 ..W.W.W....W.WWWWWWWWWWWWWWWW.W.W.....2..W.WWWWWWWWWWWWWWWW.
35 ..W.W.W....W..................W.W........W.W................
36 ..W.W.W....W......WWWWWWWWW...W.W........W.W.....3..........
37 3.W.W.W....W......W.......W..WW.W.0......W.W................
38 ..W.W.W....W......W.WWWWW.W..W..W........W.W..........1.....
39 ..W.W.WWWWWW......W.....W.W..W..W........W.W3...............
40 2.W.W.............WWWWWWW.WWWW..W........W.WWWWWWWWWWWWW....
41 ..W.W...........................WWWWWWWW3W.............W....
42 ..W.W...............3..................W.W..0..........W....
43 ..W.WWWWWWWWWWWWWWWWWWWWWWWWWWWWWWWWWWWW.W.............W.0..
44 ..W......................................W.WWWWWW......W....
45 ..WWWWWWWWWWWWWWWWWWW....WWWWWWWWW....WWWW.W....W......W....
46 ..................1.W...0W.......W..0.W....W....W......W....
47 ....................W....W.WWWWW.W......WWWW.1..W......WWWW.
48 ......1.............W....W.....W.WWWWWWWW.......W.......0.W.
49 ....................W....W.....W..........0.....W.WWWWWWW.W.
50 ............1.......W....W..2..W.WWWWW.WWWWWWWWWW.W.....W.W.
51 .......2............W....W.....W.W..3W............W...1.W.W.
52 ...1................W....W.....W.W.WWW............W.....W.W.
53 ....................W....W.....W.W........3.......W.....W.W.
54 ....................W....W.....W.WWWWWWWWWWWWWWWWWW..3..W.W.
55 .........2.........3W....W.....W........................W.W.
56 ....................W....W.....WWWWWWWWWWWWWWWWWWWWWWWWWW.W.
57 ................1........W................................W.
58 .........................WWWWWWWWWWWWWWWWWWWWWWWWWWWWWWWWWW.
59 ..3..1......................................................

units
84
type	id	player	row	column	rounds	next
g	0	0	46	36	60	-1
g	1	1	51	54	60	-1
g	2	2	13	41	60	-1
g	3	3	24	35	60	-1
w	4	0	30	35	0	-1
w	5	0	6	28	0	-1
w	6	0	46	24	0	-1
w	7	0	30	20	0	-1
w	8	0	21	55	0	-1
w	9	0	49	42	0	-1
w	10	0	43	57	0	-1
w	11	0	3	58	0	-1
w	12	0	25	0	0	-1
w	13	0	11	24	0	-1
w	14	0	15	45	0	-1
w	15	0	9	59	0	-1
w	16	0	37	34	0	-1
w	17	0	6	21	0	-1
w	18	0	23	25	0	-1
w	19	0	3	9	0	-1
w	20	0	32	57	0	-1
w	21	0	18	22	0	-1
w	22	0	48	56	0	-1
w	23	0	42	44	0	-1
w	24	1	7	16	0	-1
w	25	1	52	3	0	-1
w	26	1	20	39	0	-1
w	27	1	47	45	0	-1
w	28	1	14	5	0	-1
w	29	1	7	36	0	-1
w	30	1	50	12	0	-1
w	31	1	3	20	0	-1
w	32	1	5	3	0	-1
w	33	1	2	45	0	-1
w	34	1	59	5	0	-1
w	35	1	1	2	0	-1
w	36	1	29	51	0	-1
w	37	1	48	6	0	-1
w	38	1	3	33	0	-1
w	39	1	8	3	0	-1
w	40	1	8	47	0	-1
w	41	1	38	54	0	-1
w	42	1	46	18	0	-1
w	43	1	57	16	0	-1
w	44	2	32	26	0	-1
w	45	2	40	0	0	-1
w	46	2	18	18	0	-1
w	47	2	27	18	0	-1
w	48	2	9	7	0	-1
w	49	2	15	18	0	-1
w	50	2	15	54	0	-1
w	51	2	51	7	0	-1
w	52	2	55	9	0	-1
w	53	2	22	8	0	-1
w	54	2	17	28	0	-1
w	55	2	20	14	0	-1
w	56	2	12	16	0	-1
w	57	2	0	49	0	-1
w	58	2	50	28	0	-1
w	59	2	0	40	0	-1
w	60	2	13	29	0	-1
w	61	2	25	49	0	-1
w	62	2	34	38	0	-1
w	63	2	27	45	0	-1
w	64	3	28	8	0	-1
w	65	3	42	20	0	-1
w	66	3	41	40	0	-1
w	67	3	53	42	0	-1
w	68	3	0	37	0	-1
w	69	3	18	35	0	-1
w	70	3	24	15	0	-1
w	71	3	54	53	0	-1
w	72	3	55	19	0	-1
w	73	3	17	11	0	-1
w	74	3	39	44	0	-1
w	75	3	29	31	0	-1
w	76	3	51	36	0	-1
w	77	3	18	48	0	-1
w	78	3	36	49	0	-1
w	79	3	2	13	0	-1
w	80	3	27	37	0	-1
w	81	3	59	2	0	-1
w	82	3	3	27	0	-1
w	83	3	37	0	0	-1

books
50
row	column
0	9
0	19
0	27
3	41
4	54
6	12
7	41
7	50
10	37
11	49
11	55
12	13
12	33
13	0
15	23
17	0
17	41
20	30
22	20
22	46
24	12
24	41
24	55
25	4
29	59
31	9
32	15
32	42
33	46
35	14
35	28
37	59
39	30
39	37
41	12
42	9
42	16
43	54
44	27
44	33
47	15
47	51
50	22
51	46
54	24
55	47
56	0
57	44
57	59
59	32

spell_ingredients
15
7 10 10 7 13 6 6 9 10 10 11 9 6 6 10 

Voldemort
57 26

round 0

score	0	0	0	0

scr_acc	0	0	0	0

strength	1000	1000	1000	1000

status	0	0	0	0

