Game

Seed 146692

HarryPotter 1.0

NUM_PLAYERS			4
NUM_ROUNDS			200
BOARD_ROWS			60
BOARD_COLS			60
NUM_INI_WIZARDS_PER_CLAN	20
NUM_INI_BOOKS			50
CLAN_INI_MAGIC_STRENGTH		1000
POINTS_FOR_CONVERTING_WIZARD	100
POINTS_PER_OWNED_CELL		1
BOOK_MAGIC_STRENGTH		50
ROUNDS_FOR_CONVERTING		5
ROUNDS_ATTACK_RESTING_GHOST	15
ROUNDS_SPELL_RESTING_GHOST	60
ROUNDS_NO_ATTACK_GHOST		5
names          HarryBet Harry3 Harry2 Harry


   000000000011111111112222222222333333333344444444445555555555
   012345678901234567890123456789012345678901234567890123456789
00 ......2...........1........2................................
01 3..............................WWWW..........WWWWWWWWWWWWWW.
02 ...........1..........2........W..W.....1....W............W.
03 ..................2............W..W..........WWWWW........W.
04 ...............................W..W..............W........W2
05 ..1..3..2..1...3...............W3.W....WWWWWWW...W........W.
06 ...................0...........W..W....W.....W.3.W........W.
07 ........................2......W..W....W.....W...W........W.
08 ................3..............W..W....W....3W...W........W.
09 ...............................W..WWWWWW.....WWWWW2.WWWWWWW.
10 ...............................W....................W.......
11 ...............................W...WWWWWWWWWWWWWWWWWW.......
12 .WWWWWWW.............WWWWWWWWWWW............................
13 .W.0.................W......................1...WWWWW.......
14 .W...................W........0.................W...WWWWWWW.
15 .W...............2...W...................1......W.........W.
16 .W.......0....0......W..........................W.WWWW....W.
17 .W...................W..........................W.W..W....W.
18 .W...................W..........................W.W..W....W.
19 .WWWWWWWWWWWWWWW...0.W.......3.............WWWW3W.W..W....W.
20 .............3.W.....W...............3.....W..W.W.W..W....W.
21 ............WW.W.....W.....................W..W.W.W..W....W.
22 .....1......W..W.....W.....................W..W.W.W..W....W.
23 ............W..W....2W........2............W..W.W.W..W....W.
24 ............W..W.....W.....................W..W.W.W..W...3W.
25 ............W..W.....W...WWWWW.............W..W.W.W..W....W.
26 .....2......W1.W.....W..3W...W.1.........2.W3.W.W.W.WW....W.
27 ............WW.W.....W...W.W.W.............W..W.W.W.W.....W.
28 .............W.W.....W...W.W.W.............W..W2W.W.W.....W.
29 .1...........W.W.....W...W.W.W.....2.......W..W.W.W.W.....W.
30 .............WWW...3.W.0.W.W.W..1..........W1.W.W.W.W.....W.
31 .....WWWWWWW.........W...W.W.W.............W..W.W.W.W.....W.
32 ...0.W.....W.........W...W.W.W.............W..W.W.W.W....0W.
33 .....W.....W.........W...W.W.W.............W..W.W.W.W.....W.
34 .....W.....W.........W...W.W.W.............W..W..0W.W.....W.
35 ....1W....1W.........W...W.W.W.............W..WWWWW.W.....W.
36 .....W.....W.........W.3.WWW.W.............W........W.....W0
37 .....W.....W.........W.......W.............WWWWWWWW.W..0..W.
38 .....W.....W.........W......0W....................W.W.....W.
39 .....W.....W.........W.......W....................W.W.....W.
40 .W...W.....W.......2.W.......W.........3..........W.WWWWWWW.
41 .W...W.....W.........W.......W....3........2......W.........
42 .W...W.....W.........W.......W....................W.......W.
43 .W...W.....W.........W....W..W..................0.W.....WWW.
44 .W...W.....W.2.......W....W.0W....................W.WW..W...
45 .W..1W.....W.........W....W..W....................W.W...W...
46 .W...W.....W.........W....W..W....................W.W...W...
47 .W...W....0W.........W...2W..W0....1.....3........W.W...W...
48 .W...W.....W....WWWW.WW...WW.W....................W.W...W1..
49 .W...W.....W.....1.W..W......W................0...W.W...W...
50 .W...W.....W.3........W....WWW............W.......W.W...W...
51 .WWWWW3....WWWWWWWWWWWW....W..............W.......W.W...W...
52 ...........................W..............W.......W.W.W.W...
53 ..........................0W..0...........W.......W.W.W.W...
54 ........................................WWW.......W.W.W.W...
55 ......................2.................W.........W.W.W.W...
56 .WWWWWWWWWWWWWWWWWWWWWWWWWWWWWWWWWWWWWW.W.WWWWWWWWW.W.W.WWW.
57 .W..........2............1............W1W.W.........W.W...W.
58 .WWWWWWWWWWWWWWWWWWWWWWWWWWWWWWWWWWWW.WWW.WWWWWWWWWWW.WWWWW.
59 .....................................................0......

units
84
type	id	player	row	column	rounds	next
g	0	0	6	19	60	-1
g	1	1	26	13	60	-1
g	2	2	23	20	60	-1
g	3	3	26	24	60	-1
w	4	0	34	49	0	-1
w	5	0	38	28	0	-1
w	6	0	53	26	0	-1
w	7	0	37	55	0	-1
w	8	0	14	30	0	-1
w	9	0	59	53	0	-1
w	10	0	49	46	0	-1
w	11	0	30	23	0	-1
w	12	0	32	3	0	-1
w	13	0	44	28	0	-1
w	14	0	47	30	0	-1
w	15	0	16	9	0	-1
w	16	0	36	59	0	-1
w	17	0	16	14	0	-1
w	18	0	32	57	0	-1
w	19	0	43	48	0	-1
w	20	0	13	3	0	-1
w	21	0	47	10	0	-1
w	22	0	19	19	0	-1
w	23	0	53	30	0	-1
w	24	1	26	31	0	-1
w	25	1	49	17	0	-1
w	26	1	0	18	0	-1
w	27	1	30	32	0	-1
w	28	1	13	44	0	-1
w	29	1	45	4	0	-1
w	30	1	2	40	0	-1
w	31	1	29	1	0	-1
w	32	1	57	25	0	-1
w	33	1	5	2	0	-1
w	34	1	30	44	0	-1
w	35	1	2	11	0	-1
w	36	1	35	4	0	-1
w	37	1	35	10	0	-1
w	38	1	48	57	0	-1
w	39	1	47	35	0	-1
w	40	1	5	11	0	-1
w	41	1	22	5	0	-1
w	42	1	15	41	0	-1
w	43	1	57	39	0	-1
w	44	2	23	30	0	-1
w	45	2	57	12	0	-1
w	46	2	44	13	0	-1
w	47	2	0	6	0	-1
w	48	2	29	35	0	-1
w	49	2	47	25	0	-1
w	50	2	3	18	0	-1
w	51	2	26	41	0	-1
w	52	2	7	24	0	-1
w	53	2	15	17	0	-1
w	54	2	5	8	0	-1
w	55	2	40	19	0	-1
w	56	2	28	47	0	-1
w	57	2	0	27	0	-1
w	58	2	9	50	0	-1
w	59	2	4	59	0	-1
w	60	2	2	22	0	-1
w	61	2	26	5	0	-1
w	62	2	55	22	0	-1
w	63	2	41	43	0	-1
w	64	3	40	39	0	-1
w	65	3	8	44	0	-1
w	66	3	20	13	0	-1
w	67	3	24	57	0	-1
w	68	3	20	37	0	-1
w	69	3	51	6	0	-1
w	70	3	19	47	0	-1
w	71	3	5	5	0	-1
w	72	3	5	15	0	-1
w	73	3	41	34	0	-1
w	74	3	36	23	0	-1
w	75	3	19	29	0	-1
w	76	3	5	32	0	-1
w	77	3	6	47	0	-1
w	78	3	1	0	0	-1
w	79	3	47	41	0	-1
w	80	3	50	13	0	-1
w	81	3	26	44	0	-1
w	82	3	8	16	0	-1
w	83	3	30	19	0	-1

books
50
row	column
0	43
0	57
2	35
3	52
7	40
7	54
8	7
9	12
9	28
9	32
9	59
11	0
11	8
12	16
12	51
12	58
13	13
14	0
14	22
15	38
16	33
17	6
19	23
20	2
20	34
20	41
23	24
25	51
26	28
27	56
29	26
30	39
32	8
34	14
34	33
37	14
40	51
44	16
45	7
45	38
47	13
48	53
49	21
53	18
53	43
54	5
54	51
57	7
57	35
59	58

spell_ingredients
15
2 2 1 2 1 2 2 2 2 1 2 1 1 2 2 

Voldemort
28 53

round 0

score	0	0	0	0

scr_acc	0	0	0	0

strength	1000	1000	1000	1000

status	0	0	0	0

