Game

Seed 948054

HarryPotter 1.0

NUM_PLAYERS			4
NUM_ROUNDS			200
BOARD_ROWS			60
BOARD_COLS			60
NUM_INI_WIZARDS_PER_CLAN	20
NUM_INI_BOOKS			50
CLAN_INI_MAGIC_STRENGTH		1000
POINTS_FOR_CONVERTING_WIZARD	100
POINTS_PER_OWNED_CELL		1
BOOK_MAGIC_STRENGTH		50
ROUNDS_FOR_CONVERTING		5
ROUNDS_ATTACK_RESTING_GHOST	15
ROUNDS_SPELL_RESTING_GHOST	60
ROUNDS_NO_ATTACK_GHOST		5
names          Null Harry3 Harry2 Harry


   000000000011111111112222222222333333333344444444445555555555
   012345678901234567890123456789012345678901234567890123456789
00 .................1..........................................
01 .WWWWWWWWWWWWW.WWWWWWWWWWWW...3..2......1...................
02 .W..1........W.W..........W.................................
03 .W.WWWWWWWWWWW.W..........W.................................
04 1W.W...0.......W..........W.................................
05 .W.W1.......2..W..........W0..3............................2
06 .W.W...........W..........W.................................
07 .W.W...........W3......3..W........0........................
08 .W.WWWWWWWWW...W..........W.................................
09 .W.......1.W...W..........W.................................
10 .W.W.WWWWW.W...W..........W.................................
11 .W.W.W.....W.1.W........0.W.................................
12 .W.W.WWWWWWW...W..........W..0........0.....................
13 .W.W...........W..........W.......1..............3...0......
14 .W.WWWWWW......W.3........W................................0
15 .W......WWWWWW.W..........W.................................
16 .W...........W.WWWWWWWWWW.W.................0...............
17 .W...........W..........W.W..............................0..
18 .W...........W..........W.W.................................
19 .W.WWW.......W..........W.W.....3..................2........
20 .W.W.W.WWW...W..........W.W.................................
21 2W.W.W.W.....W.........3W.W.................................
22 .W.W.W.W.....WWWWWWWWW..W.W......1..........................
23 .W.W.W.W................W.W....................0.....0...2..
24 .W.W.W.WWWWWWWWWWWWWWWW.W.W..........2......................
25 .W.W.W1...1...........W.W.W.............WWWW................
26 .W.W.W.WWWWWWWWW.W..2.W.W.WWWWWWWWWWWWWWW..W................
27 .W.W.W.W.......W2WWWWWW.W..................W................
28 .W.W.W.W3......W........W......0..WWWWWWWW3W................
29 .W.W.WWW.......WW.WWWWWWW.........W....0.W.W........1.......
30 .W.W........0..2..W...............W.WWWW.W.WWWWWWWWWWW......
31 0W.WWWWWWWWWWWWWWWW2..............W.W....W..................
32 .W................................W.WWW..W..................
33 .W................................W......W..................
34 .W................................WWWWWW.W..................
35 .W.....3...1...........................W....................
36 .WWWWWWWWWWWWWWWWWWWWWWWWWWWWWW.WWW....W................0...
37 .1............................W.W.W....W1...................
38 .WWWWWWWW....................2W.W.W....W...................2
39 .W..3...W........3............W.W.W3...W...........2........
40 .W......W.....................W.W.WWWWWW....................
41 .W....WWW.....................W.W...........................
42 .W....W.......3...............W.WWWWW.WWWWWWWWWWWWWWWWW.....
43 .W....W.....WWWWWWWWWWWWWW....W.......W..1............W.....
44 .W..........W.......0.........WWWWWWWWW........2......W...3.
45 .W..........W.........WWWWWWW..1..................1...W.....
46 .W..........W....3....W.....W..........2..............W.....
47 .W..........W.........W.WWW.W.........................W.....
48 .W..........W.........W.W.W.W.........................W.1...
49 .W..........W......3..W.W.W.W............WWWWWWWWWWWWWW.....
50 .W..........W.........W.W...W............W..........3......2
51 .W2.........W.........W.WWWWW...........3WWWWWWW............
52 .W..........W.........W.2...................................
53 .W..........WWWWWWWWWWW.....................................
54 .W..........................................................
55 .W.............................2.........................1..
56 .WWWWWWWWWW................2.........3......................
57 ..........W........1...0.........................0..........
58 .WWWWWWWWWW.................................................
59 ..0.........................................................

units
84
type	id	player	row	column	rounds	next
g	0	0	4	7	60	-1
g	1	1	11	13	60	-1
g	2	2	46	39	60	-1
g	3	3	51	40	60	-1
w	4	0	59	2	0	-1
w	5	0	57	49	0	-1
w	6	0	12	29	0	-1
w	7	0	17	57	0	-1
w	8	0	5	27	0	-1
w	9	0	14	59	0	-1
w	10	0	23	47	0	-1
w	11	0	31	0	0	-1
w	12	0	36	56	0	-1
w	13	0	11	24	0	-1
w	14	0	23	53	0	-1
w	15	0	30	12	0	-1
w	16	0	12	38	0	-1
w	17	0	28	31	0	-1
w	18	0	7	35	0	-1
w	19	0	29	39	0	-1
w	20	0	16	44	0	-1
w	21	0	44	20	0	-1
w	22	0	57	23	0	-1
w	23	0	13	53	0	-1
w	24	1	48	56	0	-1
w	25	1	0	17	0	-1
w	26	1	5	4	0	-1
w	27	1	29	52	0	-1
w	28	1	25	10	0	-1
w	29	1	1	40	0	-1
w	30	1	2	4	0	-1
w	31	1	57	19	0	-1
w	32	1	4	0	0	-1
w	33	1	13	34	0	-1
w	34	1	43	41	0	-1
w	35	1	37	40	0	-1
w	36	1	45	31	0	-1
w	37	1	45	50	0	-1
w	38	1	35	11	0	-1
w	39	1	22	33	0	-1
w	40	1	55	57	0	-1
w	41	1	25	6	0	-1
w	42	1	37	1	0	-1
w	43	1	9	9	0	-1
w	44	2	5	59	0	-1
w	45	2	23	57	0	-1
w	46	2	5	12	0	-1
w	47	2	24	37	0	-1
w	48	2	55	31	0	-1
w	49	2	51	2	0	-1
w	50	2	27	16	0	-1
w	51	2	38	29	0	-1
w	52	2	26	20	0	-1
w	53	2	21	0	0	-1
w	54	2	39	51	0	-1
w	55	2	56	27	0	-1
w	56	2	1	33	0	-1
w	57	2	30	15	0	-1
w	58	2	50	59	0	-1
w	59	2	19	51	0	-1
w	60	2	31	19	0	-1
w	61	2	44	47	0	-1
w	62	2	38	59	0	-1
w	63	2	52	24	0	-1
w	64	3	35	7	0	-1
w	65	3	56	37	0	-1
w	66	3	13	49	0	-1
w	67	3	39	4	0	-1
w	68	3	50	52	0	-1
w	69	3	7	16	0	-1
w	70	3	42	14	0	-1
w	71	3	49	19	0	-1
w	72	3	5	30	0	-1
w	73	3	21	23	0	-1
w	74	3	44	58	0	-1
w	75	3	28	8	0	-1
w	76	3	46	17	0	-1
w	77	3	39	35	0	-1
w	78	3	39	17	0	-1
w	79	3	7	23	0	-1
w	80	3	14	17	0	-1
w	81	3	19	32	0	-1
w	82	3	1	30	0	-1
w	83	3	28	42	0	-1

books
50
row	column
0	1
0	8
0	24
1	46
4	19
4	39
4	54
6	44
10	17
10	57
11	42
15	6
16	40
16	49
17	21
18	4
19	29
28	45
30	57
31	35
32	25
35	37
35	46
35	51
38	9
39	47
40	20
40	40
41	10
42	5
43	28
44	24
45	2
45	11
47	14
48	3
50	9
50	29
50	43
51	49
53	36
54	20
55	11
55	41
55	46
57	14
57	52
58	31
59	28
59	55

spell_ingredients
15
6 10 10 7 6 12 7 8 9 6 8 7 7 6 11 

Voldemort
30 4

round 0

score	0	0	0	0

scr_acc	0	0	0	0

strength	1000	1000	1000	1000

status	0	0	0	0

