Game

Seed 896733

HarryPotter 1.0

NUM_PLAYERS			4
NUM_ROUNDS			200
BOARD_ROWS			60
BOARD_COLS			60
NUM_INI_WIZARDS_PER_CLAN	20
NUM_INI_BOOKS			50
CLAN_INI_MAGIC_STRENGTH		1000
POINTS_FOR_CONVERTING_WIZARD	100
POINTS_PER_OWNED_CELL		1
BOOK_MAGIC_STRENGTH		50
ROUNDS_FOR_CONVERTING		5
ROUNDS_ATTACK_RESTING_GHOST	15
ROUNDS_SPELL_RESTING_GHOST	60
ROUNDS_NO_ATTACK_GHOST		5
names          HarryBet Harry3 Harry2 Harry


   000000000011111111112222222222333333333344444444445555555555
   012345678901234567890123456789012345678901234567890123456789
00 ............................................................
01 2........................WWW.......1..3.......WWWWWWWWWWWWW.
02 ...............1.........W.W..................W...........W.
03 .........................W.W0.................W.WWWWWW....W.
04 .........................W.W..................W.W....WW..2W.
05 .........................W.W.........0........W.W.....W...W.
06 .1.................0.....W.W..................W.W.....W...W.
07 .........................W.W....3.............W.W.....WWWWW.
08 .........................W.W..................W.W3..........
09 ..........0..............W.W..................W.WWWWWWWWWWW.
10 .........................W.W..................W...........W.
11 .0..................1....W.W0.................WWWWWWWWWWW.W.
12 ..............3..........W.W.................0.........1..W.
13 .........................W.WWWWWWWWWWWWWWWWWWWWWWWWWWWWWW.W.
14 .........................W......................2.......W.W.
15 ..........3.............3W.WWWWWWWWW.WWWWWWWWWWWWWWWWWW.W.W.
16 ......3..................W.W.0.....W.W..0............3W.W.W.
17 .........................W.W.W.....W.W.WWWWWWWWWWWWWW.W.W.W.
18 ..........0..WWWWWWWW....W.W.WWWWWWW0W.W..............W.W.W.
19 .............W......2....W.W.........W.W............W.W.W.W.
20 ....0........W.WWWWWW.W..W.WWWWWWWWW.W.W............W.W.W.W.
21 ..........1..W.W....WWW..W.........W.W.W...2........W.W.W.W.
22 .............W...........W.WWWW.WWWW.W.W............W.W.W.W.
23 .............WWWWWWWWWW..W.W..W.W....W.W............W.W.W.W.
24 ........1.............W..W.W..W.WWWWWW.WWWWWWWWWWWWWW.WWW.W.
25 ......................W3.W.W..W...........................W.
26 ...1..................W..W.W..W.WWWW.WWWWWWWWWWWWWWWWWWWW.W.
27 ......................W..W.W..W.W..W2W.........1........W.W.
28 ......................W..W.W..W.W..W.W...............3..W.W.
29 .........2............W..W.W..W.W..W.W..................W.W.
30 ......................W..W3W..W.W..W.W...WWWWWWWWWWWWWWWW.W.
31 ...................2..W..W.W..W.WW2W.WW..W................W.
32 ......................W..W.W..W..W.W..W..W.......WWW1W.WWWW.
33 ......................W..W.W..W..W.W..W..W.......W.W.W.W.3..
34 .......0..............W..W.W..W..W.W..W..W.......W.WWW.W....
35 ......................W..W.W..W..W.W..W.1W....3...2....W....
36 ......................W..W.W..W.WW.W..W..WWWWWWWWWWWW.2W....
37 2............0........W..W.W..W.W..W..W................W..2.
38 ......................W..W.W..W.W..W..W........2.......W....
39 ....1.................W..W.W..W.W..W..W................W....
40 ......................W....WW.W.W..W..W.....2.....0....W....
41 ......................W.1...W.W.WW.W..W................W3...
42 ......................W.....W.W....W..W................W....
43 ......................WWWWWWW.WWWWWW..W...........1....W....
44 .....3................................W................W.1..
45 .............0........................W...............1W....
46 ........WWWWWWWWWWWWWWWWWWWWWWWWWWWWW.W........1..3....W....
47 .........................3....2.....W.W................W....
48 .0...............WWWWWWWW.WWWWWWWWW.W.W................W....
49 .........2.......W......W.W.........W.W................W....
50 .................W.WWWW.W.WWWWWWWWWWW.W................W....
51 .................W.W..W.W.............W................W....
52 .2...............W.W..W.W.............W...........0....W....
53 ..........0.....1W.W..W.W....3........W..............1.W.0..
54 .................W.W..W.W.............W..3.............W....
55 .................W.W.WW.W.............W........3.......W....
56 .................W.W.W..W.............W................W....
57 .......2.........W.W....W.............W...............0W....
58 ................2W.WWWWWW...1........1WWWWWWWWWWWWWWWWWW....
59 ....3..............2........................................

units
84
type	id	player	row	column	rounds	next
g	0	0	12	45	60	-1
g	1	1	2	15	60	-1
g	2	2	40	44	60	-1
g	3	3	15	10	60	-1
w	4	0	40	50	0	-1
w	5	0	34	7	0	-1
w	6	0	11	28	0	-1
w	7	0	3	28	0	-1
w	8	0	53	57	0	-1
w	9	0	18	36	0	-1
w	10	0	18	10	0	-1
w	11	0	9	10	0	-1
w	12	0	37	13	0	-1
w	13	0	16	40	0	-1
w	14	0	52	50	0	-1
w	15	0	6	19	0	-1
w	16	0	48	1	0	-1
w	17	0	16	29	0	-1
w	18	0	20	4	0	-1
w	19	0	5	37	0	-1
w	20	0	53	10	0	-1
w	21	0	11	1	0	-1
w	22	0	45	13	0	-1
w	23	0	57	54	0	-1
w	24	1	6	1	0	-1
w	25	1	43	50	0	-1
w	26	1	35	40	0	-1
w	27	1	32	52	0	-1
w	28	1	27	47	0	-1
w	29	1	21	10	0	-1
w	30	1	39	4	0	-1
w	31	1	24	8	0	-1
w	32	1	41	24	0	-1
w	33	1	45	54	0	-1
w	34	1	26	3	0	-1
w	35	1	53	53	0	-1
w	36	1	1	35	0	-1
w	37	1	44	57	0	-1
w	38	1	58	28	0	-1
w	39	1	46	47	0	-1
w	40	1	12	55	0	-1
w	41	1	11	20	0	-1
w	42	1	58	37	0	-1
w	43	1	53	16	0	-1
w	44	2	36	54	0	-1
w	45	2	52	1	0	-1
w	46	2	14	48	0	-1
w	47	2	31	19	0	-1
w	48	2	58	16	0	-1
w	49	2	1	0	0	-1
w	50	2	38	47	0	-1
w	51	2	57	7	0	-1
w	52	2	37	0	0	-1
w	53	2	59	19	0	-1
w	54	2	19	20	0	-1
w	55	2	27	36	0	-1
w	56	2	47	30	0	-1
w	57	2	37	58	0	-1
w	58	2	21	43	0	-1
w	59	2	35	50	0	-1
w	60	2	29	9	0	-1
w	61	2	31	34	0	-1
w	62	2	49	9	0	-1
w	63	2	4	57	0	-1
w	64	3	41	56	0	-1
w	65	3	16	6	0	-1
w	66	3	1	38	0	-1
w	67	3	47	25	0	-1
w	68	3	54	41	0	-1
w	69	3	25	23	0	-1
w	70	3	30	26	0	-1
w	71	3	7	32	0	-1
w	72	3	8	49	0	-1
w	73	3	28	53	0	-1
w	74	3	55	47	0	-1
w	75	3	12	14	0	-1
w	76	3	16	53	0	-1
w	77	3	33	57	0	-1
w	78	3	44	5	0	-1
w	79	3	46	50	0	-1
w	80	3	35	46	0	-1
w	81	3	15	24	0	-1
w	82	3	59	4	0	-1
w	83	3	53	29	0	-1

books
50
row	column
0	11
0	23
0	43
1	31
1	59
2	7
2	20
4	4
6	45
8	35
8	59
10	4
10	17
11	37
12	24
13	59
17	0
17	32
20	50
21	38
22	55
25	59
27	14
28	39
28	59
31	6
31	13
34	43
35	21
38	16
39	21
39	33
41	14
41	36
42	31
44	40
44	43
45	16
45	20
45	34
49	34
50	47
52	13
52	33
54	23
57	40
57	43
58	12
58	32
59	0

spell_ingredients
15
7 7 6 10 7 11 8 7 7 7 11 9 10 7 6 

Voldemort
12 11

round 0

score	0	0	0	0

scr_acc	0	0	0	0

strength	1000	1000	1000	1000

status	0	0	0	0

