Game

Seed 267528

HarryPotter 1.0

NUM_PLAYERS			4
NUM_ROUNDS			200
BOARD_ROWS			60
BOARD_COLS			60
NUM_INI_WIZARDS_PER_CLAN	20
NUM_INI_BOOKS			50
CLAN_INI_MAGIC_STRENGTH		1000
POINTS_FOR_CONVERTING_WIZARD	100
POINTS_PER_OWNED_CELL		1
BOOK_MAGIC_STRENGTH		50
ROUNDS_FOR_CONVERTING		5
ROUNDS_ATTACK_RESTING_GHOST	15
ROUNDS_SPELL_RESTING_GHOST	60
ROUNDS_NO_ATTACK_GHOST		5
names          Null Harry3 Harry2 Harry


   000000000011111111112222222222333333333344444444445555555555
   012345678901234567890123456789012345678901234567890123456789
00 ....................0..................................1....
01 .WWWW3..WWWWWWW..........WWW.WWWWWW............WWWWW......3.
02 .W..W...W.....W0.........W.W.W....W3..WWWWWWWWWW...W........
03 2W..W...W...W.W.....1....W.W.W..W.W.......3........W........
04 .W..W..3WWWWW.W..........W.W3WWWW.WWWWWWW..........W........
05 .W..W.........W..........W.W...0........W.WWWWWWWW.W........
06 .W..WWWWWWWWWWW...1......W.WWWWWWWWWWWWWW.W......W.W...2....
07 .W....................1..W.0..............W.WWWW.W.W........
08 .......3.................W................W.W..W.W.W........
09 ..................2......W................WWW.WW.W.W........
10 .........................W...0.......0...........W.W........
11 ..2......................W.WWWWWWWWWWWWWWWWWWWWWWW.W........
12 .......................0.W.W......0.....1..........W........
13 ..........1..............W.W......................2W........
14 .........................W.W.......................W........
15 .WWWWWWWWWWWWWWWWWWWWWWWWW.W.......................W........
16 .W...................1.....W.................3.....W........
17 .WWWWWWW...................WWWWWWWWWWWWWWWWWWWWWWWWW........
18 ......3..........1.........................................2
19 ........................................................WWW.
20 ..........1.............................................W.W.
21 ...............................................3........W.W.
22 ........................................................W.W.
23 ....................................2...................W.W3
24 .............3.........3...................2............W.W.
25 ....................................................1...W.W.
26 .......0..0.............................................W.W.
27 ....1.................3........................1........W.W.
28 .....................................2..................W.W.
29 ..................................WWWWWWWWWWWWWWW.......W.W.
30 .1........................0.......W.......1.....W.WWWWW.W.W.
31 ......................................0.........W.W.....W.W.
32 ................................................W.W.W...W.W.
33 .......................0........................W.W.WWWWW.W.
34 ................0...............................W2W.......W.
35 ................................................W.W.......W.
36 ....................................1...........W.W..3....W.
37 ..0...................2.........................W.W.....0.W.
38 ...........1.................2..................W.W.......W.
39 .WWWWWWWWWWWWWWWWWWWWWWWWWWWWWWWWWWWWWW.........W.W.2.....W.
40 .W....................................W..0..2...W.W.......W0
41 .W.WWWWWWWWWWWWWW..................3..W.........W.W.......W.
42 .W.W..3.........W.....................W.........W.WWWWWWWWW.
43 .W.W.WW.WWWWWWW.W.....................W.........W...........
44 .W.W..W.W....0W.W.............2.......W.........W.WWWWWWWW..
45 .W.W..W.W.WWW.W.W.....................W.........W.W......W..
46 .W.W..W.W.W.W.W.W........2.......1....W....2....W.W......W2.
47 .W.W.WW.W.W.W.W.W....3................W.........W.W......W..
48 .W.W....W.W...W.W.............0.......W.........W1W......W..
49 .W.WWWWWW.WWWWW.W.......3.............W......2..W.W......W..
50 .W..............W...2.W...............W.........W.W......W..
51 0WWWWWWWWWWWWWWWW.....W...............W.........W.W......W..
52 ......................W...............W.........W.W......W..
53 ......................W...............W.........W.W......W..
54 ........3......1......W...............W.........W.W......W..
55 ......................W..1............W.........W2W......W..
56 ......................W...........W...W.........W.W......W..
57 ......................WWWWWWWWWWW.W...W.........W...WWWWWW..
58 .............3................1.W.WWWWW.........WWWWW.......
59 ............................................................

units
84
type	id	player	row	column	rounds	next
g	0	0	37	2	60	-1
g	1	1	27	47	60	-1
g	2	2	46	25	60	-1
g	3	3	8	7	60	-1
w	4	0	44	13	0	-1
w	5	0	7	27	0	-1
w	6	0	34	16	0	-1
w	7	0	40	59	0	-1
w	8	0	5	31	0	-1
w	9	0	30	26	0	-1
w	10	0	26	10	0	-1
w	11	0	0	20	0	-1
w	12	0	48	30	0	-1
w	13	0	10	29	0	-1
w	14	0	33	23	0	-1
w	15	0	26	7	0	-1
w	16	0	12	34	0	-1
w	17	0	12	23	0	-1
w	18	0	2	15	0	-1
w	19	0	51	0	0	-1
w	20	0	10	37	0	-1
w	21	0	40	41	0	-1
w	22	0	37	56	0	-1
w	23	0	31	38	0	-1
w	24	1	20	10	0	-1
w	25	1	38	11	0	-1
w	26	1	27	4	0	-1
w	27	1	30	1	0	-1
w	28	1	12	40	0	-1
w	29	1	58	30	0	-1
w	30	1	25	52	0	-1
w	31	1	7	22	0	-1
w	32	1	3	20	0	-1
w	33	1	18	17	0	-1
w	34	1	48	49	0	-1
w	35	1	55	25	0	-1
w	36	1	54	15	0	-1
w	37	1	30	42	0	-1
w	38	1	13	10	0	-1
w	39	1	16	21	0	-1
w	40	1	0	55	0	-1
w	41	1	36	36	0	-1
w	42	1	6	18	0	-1
w	43	1	46	33	0	-1
w	44	2	46	43	0	-1
w	45	2	50	20	0	-1
w	46	2	34	49	0	-1
w	47	2	44	30	0	-1
w	48	2	49	45	0	-1
w	49	2	6	55	0	-1
w	50	2	23	36	0	-1
w	51	2	24	43	0	-1
w	52	2	38	29	0	-1
w	53	2	18	59	0	-1
w	54	2	39	52	0	-1
w	55	2	3	0	0	-1
w	56	2	46	58	0	-1
w	57	2	9	18	0	-1
w	58	2	28	37	0	-1
w	59	2	55	49	0	-1
w	60	2	40	44	0	-1
w	61	2	13	50	0	-1
w	62	2	37	22	0	-1
w	63	2	11	2	0	-1
w	64	3	58	13	0	-1
w	65	3	47	21	0	-1
w	66	3	49	24	0	-1
w	67	3	36	53	0	-1
w	68	3	3	42	0	-1
w	69	3	24	23	0	-1
w	70	3	54	8	0	-1
w	71	3	23	59	0	-1
w	72	3	1	5	0	-1
w	73	3	41	35	0	-1
w	74	3	16	45	0	-1
w	75	3	21	47	0	-1
w	76	3	4	7	0	-1
w	77	3	24	13	0	-1
w	78	3	42	6	0	-1
w	79	3	27	22	0	-1
w	80	3	1	58	0	-1
w	81	3	4	28	0	-1
w	82	3	18	6	0	-1
w	83	3	2	35	0	-1

books
50
row	column
0	12
5	34
5	59
10	13
10	55
14	58
16	13
16	34
20	20
20	23
21	14
21	17
21	43
22	6
23	20
23	31
24	0
24	16
25	28
27	40
28	29
30	6
30	33
32	46
33	19
33	33
34	57
35	5
35	45
38	25
40	17
42	23
43	57
45	18
45	36
46	40
46	52
50	17
50	34
51	29
52	5
53	34
54	44
54	58
55	1
55	30
56	53
57	9
58	39
59	55

spell_ingredients
15
2 2 5 5 5 4 3 4 4 4 2 2 4 4 5 

Voldemort
8 33

round 0

score	0	0	0	0

scr_acc	0	0	0	0

strength	1000	1000	1000	1000

status	0	0	0	0

