Game

Seed 35537

HarryPotter 1.0

NUM_PLAYERS			4
NUM_ROUNDS			200
BOARD_ROWS			60
BOARD_COLS			60
NUM_INI_WIZARDS_PER_CLAN	20
NUM_INI_BOOKS			50
CLAN_INI_MAGIC_STRENGTH		1000
POINTS_FOR_CONVERTING_WIZARD	100
POINTS_PER_OWNED_CELL		1
BOOK_MAGIC_STRENGTH		50
ROUNDS_FOR_CONVERTING		5
ROUNDS_ATTACK_RESTING_GHOST	15
ROUNDS_SPELL_RESTING_GHOST	60
ROUNDS_NO_ATTACK_GHOST		5
names          Dummy Dummy MARTA_12 Harry


   000000000011111111112222222222333333333344444444445555555555
   012345678901234567890123456789012345678901234567890123456789
00 ............2...............................................
01 .........................WWWWW.WWWWWWWWWWWWWWWWWW.....WWWWW.
02 ................0........W2..W.W................W.....W...W.
03 .0...0...................W...W0W.WWWW...........W..1..W...W.
04 .....WWWWWWWWWWWWWWWWWWWWW...W.W.W..W...........WWWWWWW...W.
05 .....W.......................W.W.W0WW..................1..W.
06 .....W.............WWWWWWWW..W.W.W........................W.
07 .....W.............W.........W.W.W.WWWWWWWWWWWWW..........W.
08 .....W....0........W.........W3W.W.W...........W..........W.
09 .....W.........WWWWW.........W.W.W.W.WWWWWWWWW.W.....2....W.
10 ...3.W.........W.............W.WWW.W.W.......W.W..........W.
11 .WWW.W...1.....W.............W.....W.W.WWWWW0W.W..........W.
12 .W.W.W1........W.............WWWWW.W.W.W...W.W.W.....0....W.
13 .W.W.W.........W.................W0W.W.WWW.W.W.W..........W.
14 .W.W.W.........W......2..........W.W.W.....W.W.W..........W.
15 .W2W.W..1......W...0.............W.W.WWWWWWW.W.W..........W.
16 .W.W.W.........W.........3...1...W.W..2......W.W..........W.
17 .W...W.........WWWWWWWWWWWWWWWWW.W.W.WWWWWWW.W.W......WWWWW.
18 .WWWWW...........2...3.........W.W.W.W.....W.W1W............
19 .............................3.W.W.W.W...W.W.W.W............
20 ...............................W.W.W.WWWWW.W.W.W............
21 .....................0.........W.W.W.........W.W............
22 .....3.........................W.1.WWWWWWWWW.WWW............
23 ..........WWWWWWWWWWWWWWWWWWWW.W...........W................
24 ............................1W.W...........W0.........1.....
25 ................WWWWWWWWW....W.W...0.......W................
26 ................W.......W....W.W.W.........W................
27 ................W.......W....W.W.W.........W................
28 .3..........1...W......3W....W.W.W.........W................
29 ....3..2........W..3....W....W.W.W...0.....W................
30 ................W.......W....W.W.W.........W................
31 ................W.......W0...W.W.WWWWWWWWW.W................
32 ...2............W....2..W....W.W...3...3.W.W.............3..
33 ............3...W.......W....W.W.W.........W.....1......WWW.
34 .WWWWWWWWWWWWWWWW.......W.0..W.W.W.WWWWWWWWW............W.W.
35 .W..............0......1W....W.W.W.W3...................W.W.
36 .W.WWWWWW.W.............W....W.W.W.W...............1....W.W.
37 .W.W..1...W.............W....W.W.W.W.......WWWWWWWWWWWWWW.W.
38 .W.WWWWWWWW.3...........W....W.W.W.W.......W..............W.
39 .W.......3..............W....W2W.W.W.......W..............W.
40 .W.WWWWWWWWWWWWWWWWWWWW.W....W.W.W.W.......W.......0......W.
41 .W.W..................W.WWWWWW.W.W.WWWWWWWWW..............W.
42 .W.W...WWWWWWWWWWWWWW.W........W2W........................W.
43 .W.WWWWW.......3....W0WWWWWWWWWW.WWWWWWWWWWWW.............W.
44 .W..........................................W.............W.
45 .W.................WWWWWWWWWWWWWWWWWWW.....2W...1.........W.
46 .W..............3..W...3.............W......W.............W.
47 .W.................W.................W......W........2....W.
48 .W.2...............W.................W......W.............W.
49 .W.................W...........1.....W......W.............W.
50 .W.................W.....1...........W......W.............W.
51 .W.............1...W.................W......W.............W.
52 .W.................W................2W.WWWWWW.............W.
53 .W.......0.........W.........3.......W.W..................W.
54 .W............2....W.................W.W..................W.
55 .W.................W1................W.WWWWWWWWWWWWWWWWWWWW.
56 .W.................W.................W................1.....
57 .W.................W....2............WWWWWWWWWWWWWWWWWWWWWW.
58 2WWWWWWWWWWWWWWWWWWW............2.........................W.
59 ...................0...............................2........

units
84
type	id	player	row	column	rounds	next
g	0	0	34	26	60	-1
g	1	1	5	55	60	-1
g	2	2	47	53	60	-1
g	3	3	29	4	60	-1
w	4	0	15	19	0	-1
w	5	0	3	1	0	-1
w	6	0	8	10	0	-1
w	7	0	21	21	0	-1
w	8	0	29	37	0	-1
w	9	0	24	44	0	-1
w	10	0	2	16	0	-1
w	11	0	59	19	0	-1
w	12	0	13	34	0	-1
w	13	0	53	9	0	-1
w	14	0	31	25	0	-1
w	15	0	11	44	0	-1
w	16	0	3	5	0	-1
w	17	0	3	30	0	-1
w	18	0	5	34	0	-1
w	19	0	40	51	0	-1
w	20	0	12	53	0	-1
w	21	0	35	16	0	-1
w	22	0	25	35	0	-1
w	23	0	43	21	0	-1
w	24	1	33	49	0	-1
w	25	1	51	15	0	-1
w	26	1	11	9	0	-1
w	27	1	56	54	0	-1
w	28	1	28	12	0	-1
w	29	1	12	6	0	-1
w	30	1	24	28	0	-1
w	31	1	49	31	0	-1
w	32	1	37	6	0	-1
w	33	1	15	8	0	-1
w	34	1	3	51	0	-1
w	35	1	55	20	0	-1
w	36	1	22	33	0	-1
w	37	1	45	48	0	-1
w	38	1	16	29	0	-1
w	39	1	18	46	0	-1
w	40	1	36	51	0	-1
w	41	1	50	25	0	-1
w	42	1	24	54	0	-1
w	43	1	35	23	0	-1
w	44	2	42	32	0	-1
w	45	2	32	3	0	-1
w	46	2	16	38	0	-1
w	47	2	58	0	0	-1
w	48	2	2	26	0	-1
w	49	2	45	43	0	-1
w	50	2	58	32	0	-1
w	51	2	15	2	0	-1
w	52	2	0	12	0	-1
w	53	2	32	21	0	-1
w	54	2	39	30	0	-1
w	55	2	18	17	0	-1
w	56	2	59	51	0	-1
w	57	2	54	14	0	-1
w	58	2	14	22	0	-1
w	59	2	57	24	0	-1
w	60	2	9	53	0	-1
w	61	2	48	3	0	-1
w	62	2	52	36	0	-1
w	63	2	29	7	0	-1
w	64	3	22	5	0	-1
w	65	3	32	57	0	-1
w	66	3	35	36	0	-1
w	67	3	53	29	0	-1
w	68	3	29	19	0	-1
w	69	3	46	16	0	-1
w	70	3	8	30	0	-1
w	71	3	10	3	0	-1
w	72	3	18	21	0	-1
w	73	3	28	1	0	-1
w	74	3	46	23	0	-1
w	75	3	38	12	0	-1
w	76	3	19	29	0	-1
w	77	3	43	15	0	-1
w	78	3	39	9	0	-1
w	79	3	32	39	0	-1
w	80	3	33	12	0	-1
w	81	3	28	23	0	-1
w	82	3	16	25	0	-1
w	83	3	32	35	0	-1

books
50
row	column
0	2
0	19
0	35
0	41
0	49
3	22
3	47
5	11
6	3
9	24
11	28
13	31
14	49
15	16
17	51
17	59
19	10
19	40
21	18
23	9
24	57
27	30
27	40
28	59
36	9
36	40
36	54
37	2
40	23
41	55
42	6
44	2
44	40
46	33
46	36
47	7
47	56
48	46
49	35
49	39
50	43
51	5
51	22
52	54
53	0
53	44
56	45
57	3
57	11
59	55

spell_ingredients
15
10 8 6 8 6 9 6 6 5 10 6 8 11 6 5 

Voldemort
40 48

round 0

score	0	0	0	0

scr_acc	0	0	0	0

strength	1000	1000	1000	1000

status	0	0	0	0

