Game

Seed 714506

HarryPotter 1.0

NUM_PLAYERS			4
NUM_ROUNDS			200
BOARD_ROWS			60
BOARD_COLS			60
NUM_INI_WIZARDS_PER_CLAN	20
NUM_INI_BOOKS			50
CLAN_INI_MAGIC_STRENGTH		1000
POINTS_FOR_CONVERTING_WIZARD	100
POINTS_PER_OWNED_CELL		1
BOOK_MAGIC_STRENGTH		50
ROUNDS_FOR_CONVERTING		5
ROUNDS_ATTACK_RESTING_GHOST	15
ROUNDS_SPELL_RESTING_GHOST	60
ROUNDS_NO_ATTACK_GHOST		5
names          HarryBet Harry3 Harry2 Harry


   000000000011111111112222222222333333333344444444445555555555
   012345678901234567890123456789012345678901234567890123456789
00 .....3....3........0.................1.................2....
01 .WWWWWWWWWWWW...........2...................................
02 3W..........W............................0..................
03 .W.WWWWWW...W.....2.........................................
04 .W......W...W...............................................
05 .WWWWWWWW...W0WWWWWWWW........1.............................
06 ...1........W.W......W......................................
07 .WWWWW......W.W....W.W.....3................................
08 .W...W..3...W.WWWWWW.W.........2..........1........1.....1..
09 .W..........W........W........................0.............
10 .W..........W........W......................WWWWWWWWWWWWWWW.
11 .W..........W........W..................2.................W.
12 .W.........3W........W.WWWWWWWWWWWWWWWWWWWWWWWWWWWWWWWWWWWW.
13 .WWWWWWWWWWWW........W.W.......................1............
14 .....................W................................WWWWW.
15 2...WWWWWWWWWWW......WWWWWWWWWWWWWWWW.................W...W.
16 ....W.........W0..........0.......0.W......2..........W.W.W.
17 ...2W.WWWWW...W.....................W...........2.....W.W.W.
18 ....W.W...WWWWW...................W.W.................W.W3W.
19 .WW.W.............................W.W.....3.WWWWWWW...W.W.W.
20 ..W.WWWWWWWWWWWWWWWWWWWW..........W.WWWWWW..W.........W.W.W.
21 ..W....................W..........W..2...W..W.....1...W.W.W.
22 ..W.................3..W........1.WWWWWWWW..W.........W.W.W.
23 ..W.WWWWW...0..........W....................W.........W0W.W.
24 ..W.W...W..............W....................W.........WWW.W.
25 ..W.W.W.W..............W....................W..0..2.......W.
26 ..W.W.W.W..............W....................WWWWWWWWWWWWWWW.
27 .WW.W.WWW.....2........W....................................
28 .W..W..................WWWWWWWWWWWWWWWWWWWWWWWWWWWWWWWWWW...
29 .W..WWWWWWW..................................2..........W...
30 .W........W......1.................................WWWW.W...
31 .W.....1..W...................1...........0........W..W.W...
32 .W........W.2............0.........................W..W.W...
33 .WWWWWWWWWW.......................0................W..W.W...
34 ...................................................W..W.W...
35 ..1................................................W..W.W...
36 ..............0.....3.....2.....3..................W..W.W...
37 ........................................2..........W.1W.W...
38 .............................3....................2W..W.W...
39 ..........0........................................W.WW.W...
40 ................2...............3..................W.W..W...
41 ......................................3.......WWWW.W.W..W...
42 .................................................W.W.W..W...
43 ...3..............................3.WWWW.........W.W.W..W...
44 .......................................W.........W.W.W..W...
45 ...............................1.......W.1.......W.W.W3.W.2.
46 .......................................W.........W.W.W..W...
47 .......................................W.........W.W.W..W...
48 ................................3.....2W.........W.W.WW.W...
49 .......................................W.......1.W.W3...W...
50 .......0....2.....0....................W.........W.WWWW.W...
51 .......................................W.........W....W.W...
52 .......................................W.........W....W.W...
53 .......................................WWWWWWWW..W....W.W...
54 .............3.......1........................W..W....W.W...
55 .1............................................W..W....W.W...
56 ..............................................W..WWWWWW.W.W.
57 ..............................0...............W.........W.W.
58 .....................................0..3.....WWWWWWWWWWW.W0
59 .1................................1.........0...............

units
84
type	id	player	row	column	rounds	next
g	0	0	58	37	60	-1
g	1	1	6	3	60	-1
g	2	2	16	43	60	-1
g	3	3	0	5	60	-1
w	4	0	50	7	0	-1
w	5	0	59	44	0	-1
w	6	0	16	26	0	-1
w	7	0	9	46	0	-1
w	8	0	16	15	0	-1
w	9	0	33	34	0	-1
w	10	0	57	30	0	-1
w	11	0	58	59	0	-1
w	12	0	0	19	0	-1
w	13	0	23	55	0	-1
w	14	0	31	42	0	-1
w	15	0	23	12	0	-1
w	16	0	5	13	0	-1
w	17	0	25	47	0	-1
w	18	0	39	10	0	-1
w	19	0	36	14	0	-1
w	20	0	2	41	0	-1
w	21	0	16	34	0	-1
w	22	0	32	25	0	-1
w	23	0	50	18	0	-1
w	24	1	5	30	0	-1
w	25	1	55	1	0	-1
w	26	1	13	47	0	-1
w	27	1	45	41	0	-1
w	28	1	8	42	0	-1
w	29	1	59	34	0	-1
w	30	1	22	32	0	-1
w	31	1	37	53	0	-1
w	32	1	45	31	0	-1
w	33	1	0	37	0	-1
w	34	1	8	57	0	-1
w	35	1	31	30	0	-1
w	36	1	49	47	0	-1
w	37	1	35	2	0	-1
w	38	1	54	21	0	-1
w	39	1	30	17	0	-1
w	40	1	21	50	0	-1
w	41	1	8	51	0	-1
w	42	1	59	1	0	-1
w	43	1	31	7	0	-1
w	44	2	50	12	0	-1
w	45	2	21	37	0	-1
w	46	2	45	58	0	-1
w	47	2	3	18	0	-1
w	48	2	48	38	0	-1
w	49	2	15	0	0	-1
w	50	2	32	12	0	-1
w	51	2	8	31	0	-1
w	52	2	0	55	0	-1
w	53	2	17	48	0	-1
w	54	2	1	24	0	-1
w	55	2	36	26	0	-1
w	56	2	40	16	0	-1
w	57	2	37	40	0	-1
w	58	2	25	50	0	-1
w	59	2	27	14	0	-1
w	60	2	11	40	0	-1
w	61	2	29	45	0	-1
w	62	2	17	3	0	-1
w	63	2	38	50	0	-1
w	64	3	41	38	0	-1
w	65	3	38	29	0	-1
w	66	3	18	57	0	-1
w	67	3	43	3	0	-1
w	68	3	58	40	0	-1
w	69	3	8	8	0	-1
w	70	3	22	20	0	-1
w	71	3	12	11	0	-1
w	72	3	0	10	0	-1
w	73	3	49	52	0	-1
w	74	3	36	20	0	-1
w	75	3	36	32	0	-1
w	76	3	48	32	0	-1
w	77	3	40	32	0	-1
w	78	3	19	42	0	-1
w	79	3	43	34	0	-1
w	80	3	2	0	0	-1
w	81	3	45	54	0	-1
w	82	3	7	27	0	-1
w	83	3	54	13	0	-1

books
50
row	column
0	59
1	32
2	15
3	36
3	54
5	9
8	35
9	22
10	26
13	33
15	57
16	11
18	21
18	38
19	29
21	9
21	25
23	0
23	15
23	59
24	6
24	27
25	37
26	59
27	22
29	38
31	4
33	38
34	52
36	35
36	47
37	7
38	43
39	59
40	7
41	19
41	44
42	27
43	6
43	14
44	22
46	5
50	23
51	29
51	44
53	33
54	17
54	24
54	29
54	59

spell_ingredients
15
5 2 3 2 3 3 3 4 3 4 3 4 3 3 5 

Voldemort
57 13

round 0

score	0	0	0	0

scr_acc	0	0	0	0

strength	1000	1000	1000	1000

status	0	0	0	0

