Game

Seed 156074

HarryPotter 1.0

NUM_PLAYERS			4
NUM_ROUNDS			200
BOARD_ROWS			60
BOARD_COLS			60
NUM_INI_WIZARDS_PER_CLAN	20
NUM_INI_BOOKS			50
CLAN_INI_MAGIC_STRENGTH		1000
POINTS_FOR_CONVERTING_WIZARD	100
POINTS_PER_OWNED_CELL		1
BOOK_MAGIC_STRENGTH		50
ROUNDS_FOR_CONVERTING		5
ROUNDS_ATTACK_RESTING_GHOST	15
ROUNDS_SPELL_RESTING_GHOST	60
ROUNDS_NO_ATTACK_GHOST		5
names          Dummy Dummy MARTA_12 Harry


   000000000011111111112222222222333333333344444444445555555555
   012345678901234567890123456789012345678901234567890123456789
00 .....3....................................2.................
01 .WWWWWWWWWWWWWWWW.WWWWWWWWWWWWWWWWWWWWWWWW.........WWWWWWWW.
02 .W..............W.W......2...............W.WWWWWWWWW......W.
03 .W........2.....W........................W.W.........WWWW.W.
04 .W..WWWWWWWWWW..WWWWWWWWWWWWWWWWWWWWWWWWWW.W........3W..W.W.
05 .W..W..0.....W................2............W.........W..W.W.
06 .W..W.W.WWWW.W.........1..........WWWWWWWWWW.........W.WW.W.
07 .W..W.W.W..W.W....................W.....0............W.W..W3
08 .W.0W.W.W..W.W................2...W..................W.W..W.
09 .W..W.W.W..W.W..WWWWW.............WWWWWWWWWW.........W.W..W.
10 .W..W.WWW.0W.W......W...2..................W.........W.W..W.
11 .W..W......W.W......W.................WWWW.W.........W.W..W.
12 .W..W.WWWW.W.W......W.................W..W.W......3..W.W..W.
13 .W..W.W.1W.W.W......W.................W..W0W.........W.W..W.
14 .W..W....W.W.W......W.................W..W.W.0.......W0W..W.
15 .W..WWWWWW.W.W..0...W.................W.WW.W.........W.WW.W.
16 .W.0.......W.W......W.................W.W..W.........W....W.
17 .W.........W.W......W.................W.W..W.........WWWW.W2
18 .W.........W.W......W.................W.W..W.....2......W.W.
19 .W.......WWW.W......W.............3...W.WW.W............W.W.
20 .W.......W.1.W......W...2......3......W....W............W.W.
21 .W.......W...W......W.................WWWW.W..........WWW.W.
22 .W.......W...W.....1W....................W.W..........W...W.
23 .W...1...W...W......WWWWWW...0...........W.W..........W...W.
24 .W.......W...W...........W...............W.W...0......W...W.
25 2W.......W...W.........2.W...............W1W.WWWWWWWWWW.0.W.
26 .W.......W...W...........W.WWWWWWWWWW....W.W.W............W.
27 .W.......W3..W...........W.W........W....W.W.W.WWWWWWWWWWWW.
28 .W.......W...W...........W.W........W....W.W.W.W.2..........
29 .W.......W...W...........W.W........W....W.W.W.W............
30 ......1..W0WWW...........W.W........WWWWWW1W.WWW......0.....
31 .WWWWWWWWW.W.............W.W...............W......1.........
32 .W.........W.............W.W.0.........WWWWW................
33 .W.WWW.....W............2W.W...........W3...................
34 .W.W.W.3..3..............W.W...........W....................
35 .W.W.W........1.....1....W.W...3.......W....................
36 .W.W.W...................W.W...........W....................
37 .W0..W...2...............W.WWWWWWWWWW..W....................
38 .WW...................1..W..........W.WW.......1..........0.
39 ..W...3..................W.........0W.W.....................
40 ..W......................W......2...W.W...........0.........
41 ..W............2.........W..........W.W.....................
42 ..W......................W..........W.W................3....
43 ..W......................WWWWWWWWWWWW.W.....................
44 ..W........................2....2.....W..WWWWWW.............
45 .WW.............3.....................W..W....W....0........
46 .W....................WWWWWWWWWWWWWWWWW..W....W.......1.....
47 .W.WWW........................3..........W....W.............
48 .W.W.WWWWWWWWWWWWWWWWWWWWWWWWWWWWWWW.....W....W.......WWWW..
49 .W.W....................3..........W.....W....W.......W..W.1
50 .W.WWWWWWW..1..............0.............W....W.......W..W..
51 .W......2WWWWWWWWWWWWWWWWWWWWWWWWWWWWWWWWW....W.......W..W..
52 .W3............................1..............W.......W..W..
53 .W.......WWWWWWWW.W...............1...........W1......W..W..
54 .W.......W........WWWWWWWWWWWWWWWWWWWWWWWWWWWWW.......W..W..
55 .W.......W.........2..................................W..W..
56 .W.......W...............3............................W..W..
57 .W..3....W..........................................3.W..W..
58 .WWWWWWWWW................................1.WWWWWWWWWWW.WW..
59 ...................................1...2.....3..............

units
84
type	id	player	row	column	rounds	next
g	0	0	7	40	60	-1
g	1	1	30	42	60	-1
g	2	2	5	30	60	-1
g	3	3	34	7	60	-1
w	4	0	38	58	0	-1
w	5	0	37	2	0	-1
w	6	0	45	51	0	-1
w	7	0	10	10	0	-1
w	8	0	23	29	0	-1
w	9	0	40	50	0	-1
w	10	0	25	56	0	-1
w	11	0	16	3	0	-1
w	12	0	14	54	0	-1
w	13	0	13	42	0	-1
w	14	0	50	27	0	-1
w	15	0	30	10	0	-1
w	16	0	24	47	0	-1
w	17	0	32	29	0	-1
w	18	0	39	35	0	-1
w	19	0	15	16	0	-1
w	20	0	14	45	0	-1
w	21	0	5	7	0	-1
w	22	0	8	3	0	-1
w	23	0	30	54	0	-1
w	24	1	53	47	0	-1
w	25	1	52	31	0	-1
w	26	1	46	54	0	-1
w	27	1	31	50	0	-1
w	28	1	53	34	0	-1
w	29	1	25	42	0	-1
w	30	1	50	12	0	-1
w	31	1	30	6	0	-1
w	32	1	35	14	0	-1
w	33	1	59	35	0	-1
w	34	1	38	22	0	-1
w	35	1	58	42	0	-1
w	36	1	22	19	0	-1
w	37	1	20	11	0	-1
w	38	1	49	59	0	-1
w	39	1	13	8	0	-1
w	40	1	6	23	0	-1
w	41	1	35	20	0	-1
w	42	1	38	47	0	-1
w	43	1	23	5	0	-1
w	44	2	51	8	0	-1
w	45	2	44	27	0	-1
w	46	2	37	9	0	-1
w	47	2	41	15	0	-1
w	48	2	59	39	0	-1
w	49	2	25	0	0	-1
w	50	2	44	32	0	-1
w	51	2	10	24	0	-1
w	52	2	3	10	0	-1
w	53	2	8	30	0	-1
w	54	2	2	25	0	-1
w	55	2	55	19	0	-1
w	56	2	20	24	0	-1
w	57	2	33	24	0	-1
w	58	2	17	59	0	-1
w	59	2	18	49	0	-1
w	60	2	28	49	0	-1
w	61	2	40	32	0	-1
w	62	2	25	23	0	-1
w	63	2	0	42	0	-1
w	64	3	52	2	0	-1
w	65	3	49	24	0	-1
w	66	3	56	25	0	-1
w	67	3	12	50	0	-1
w	68	3	57	52	0	-1
w	69	3	42	55	0	-1
w	70	3	7	59	0	-1
w	71	3	0	5	0	-1
w	72	3	35	31	0	-1
w	73	3	59	45	0	-1
w	74	3	20	31	0	-1
w	75	3	39	6	0	-1
w	76	3	47	30	0	-1
w	77	3	4	52	0	-1
w	78	3	45	16	0	-1
w	79	3	33	40	0	-1
w	80	3	57	4	0	-1
w	81	3	34	10	0	-1
w	82	3	19	34	0	-1
w	83	3	27	10	0	-1

books
50
row	column
0	18
1	49
5	14
6	0
7	17
10	40
11	30
12	57
14	27
15	30
15	49
16	7
17	41
19	28
19	55
20	14
21	0
22	35
22	55
26	5
26	17
27	37
28	59
29	30
30	2
30	14
31	46
32	21
32	37
34	0
34	52
35	28
37	38
40	12
41	59
42	24
43	20
43	42
43	48
44	9
46	40
47	48
49	33
51	55
52	51
53	40
53	59
55	0
55	12
57	15

spell_ingredients
15
5 5 4 3 3 2 5 4 2 4 3 4 3 3 5 

Voldemort
38 53

round 0

score	0	0	0	0

scr_acc	0	0	0	0

strength	1000	1000	1000	1000

status	0	0	0	0

