Game

Seed 165947

HarryPotter 1.0

NUM_PLAYERS			4
NUM_ROUNDS			200
BOARD_ROWS			60
BOARD_COLS			60
NUM_INI_WIZARDS_PER_CLAN	20
NUM_INI_BOOKS			50
CLAN_INI_MAGIC_STRENGTH		1000
POINTS_FOR_CONVERTING_WIZARD	100
POINTS_PER_OWNED_CELL		1
BOOK_MAGIC_STRENGTH		50
ROUNDS_FOR_CONVERTING		5
ROUNDS_ATTACK_RESTING_GHOST	15
ROUNDS_SPELL_RESTING_GHOST	60
ROUNDS_NO_ATTACK_GHOST		5
names          HarryBet Harry3 Harry2 Harry


   000000000011111111112222222222333333333344444444445555555555
   012345678901234567890123456789012345678901234567890123456789
00 ..........................2..1.................1............
01 ...................2WWWWW.WWWWWWWWWWWWWWWWWWWWWWWWWWWWWWWWW.
02 ............1...1...W...W................1................W0
03 ....................W...WWWWWWWWWWWWWWWWWWWWWWWWWWWWWWWWWWW.
04 .........3..........W..........1................3...........
05 ....................WWWWWWWWW................WWWWWWW...WWWW.
06 .....1................2.....W..........2.....W.....W...W..W.
07 ............................W................W.WWW.W...W.3W.
08 .0..........................W.....1........1.W.W.W.W...W..W.
09 .........WWWWWWWW...........W................W...W1W...W..W.
10 .........W......W...........W2...............W.WWW.W......W.
11 .........W......W...........W................W.W...W......W.
12 .........W3.....W...........W............1...W.W...W......W.
13 .........W......W......2....W3...............W.WWWWW......W.
14 .........W......W...........W.........2......W............W.
15 ................W...........W................W............W3
16 ............1...W...........W.0..............W1..2........W.
17 .....1..........W.0.......................................W.
18 ...............2W.................0.......................W.
19 ................W.......1............0....................W.
20 ................W....0....................1...............W.
21 ................W...WWWW..................................W.
22 ..WWWWWWWWW.....W...W..W.........1........................W.
23 .......0..W.....W...W..W..3..................0............W.
24 .WWWWWWWW.W..1..W...W.WW..WWWWWWWWWWWWWWWWWWWWWWWWWW......W.
25 .W......W.W.....W...W.W...W........................W...0..W.
26 .WWWWWW.W.W.....W3..W.W...W.WWWWWWW......2.......3.W......W3
27 3.....W.W0W.....W...W.W...W.W.....W................W......W.
28 .WWWWWW.W.W.....W...W.W...W.W.....W.........2......W......W.
29 ........W.W...2.W...W.W...W.W.....W................W......W.
30 .WWWWWWWW.W.....W.0.W.W...W.W.....W................W.WWWW.W.
31 .W......0.W.....W...W.W...W.W.....W..........2.....W.W2.W.W.
32 .WWWWWWWWWW.....W...W.WWWWW.WWWWW.W................W.W....W.
33 ....2...........W...W...........W.W0...............W.WWWWWW.
34 ................W...WWWWWWWWW.W.W.W................W........
35 ............WWWWW...........W.W.W.W................WWWWWWWW.
36 .........W..W........WWWWWW.W.W.W.W............W..........W.
37 .........W..W.2......W...2W.W.W.W.W............W........W.W.
38 .........W..W........W.WW.W.W.W.W.W.....0......WWWWWWWWWW.W.
39 .2.......W..W........W.W..W.W.W.W.W.......................W.
40 .WWWWWWWWW..W........W.W..W.W.WWW.WWW........0WWWWWWWWWWW.W.
41 .W..........W........W.WWWW.W.......W...................W.W.
42 .W.WWWWWWWWWW........W......W.WWWWWWW......WWWWWWWWWWWWWW.W.
43 .W.W.................WWWWWW.W.W............W......2.......W.
44 3W.W.WWW..................W.W.W............W.........WWWWWW.
45 .W.W.W0W..................W.W.W....3.......W.........W......
46 .W.W.W.WWWWWWWWWWWWWWWWWWWW.W.W............W..3......W......
47 .W.W.W...3.........1........W1W............W.........W......
48 .W.W.W.WWWWWWWWWWWWWWWWWWWWWW.W............W.........W3.....
49 .W.W.W.W......................W............W.........W...2..
50 .W.W.W.W.....................WW............W.........W......
51 .W.W.W.W.....................W.............W.........W......
52 .W.WWW.W.....................W.............W.........W......
53 .W.....W.....................W........0....W.........W......
54 .WWWWWWW....3...............0WWWWWWWWWWWWWWW......3..W......
55 .........2...........................................W......
56 ........................WWWWWWWWWWWWWWWWWWWWWWWWW....W....1.
57 .................0......W.....................0.W..3.W......
58 ........................W...3...................WWWWWW......
59 ......3.....................................................

units
84
type	id	player	row	column	rounds	next
g	0	0	54	28	60	-1
g	1	1	56	58	60	-1
g	2	2	16	49	60	-1
g	3	3	46	46	60	-1
w	4	0	16	30	0	-1
w	5	0	17	18	0	-1
w	6	0	25	55	0	-1
w	7	0	53	38	0	-1
w	8	0	27	9	0	-1
w	9	0	57	17	0	-1
w	10	0	38	40	0	-1
w	11	0	30	18	0	-1
w	12	0	18	34	0	-1
w	13	0	57	46	0	-1
w	14	0	31	8	0	-1
w	15	0	40	45	0	-1
w	16	0	23	45	0	-1
w	17	0	20	21	0	-1
w	18	0	45	6	0	-1
w	19	0	19	37	0	-1
w	20	0	23	7	0	-1
w	21	0	33	35	0	-1
w	22	0	8	1	0	-1
w	23	0	2	59	0	-1
w	24	1	47	19	0	-1
w	25	1	0	47	0	-1
w	26	1	12	41	0	-1
w	27	1	47	29	0	-1
w	28	1	2	41	0	-1
w	29	1	22	33	0	-1
w	30	1	2	16	0	-1
w	31	1	20	42	0	-1
w	32	1	19	24	0	-1
w	33	1	9	50	0	-1
w	34	1	16	46	0	-1
w	35	1	8	43	0	-1
w	36	1	16	12	0	-1
w	37	1	24	13	0	-1
w	38	1	8	34	0	-1
w	39	1	4	31	0	-1
w	40	1	17	5	0	-1
w	41	1	2	12	0	-1
w	42	1	0	29	0	-1
w	43	1	6	5	0	-1
w	44	2	13	23	0	-1
w	45	2	37	25	0	-1
w	46	2	0	26	0	-1
w	47	2	1	19	0	-1
w	48	2	29	14	0	-1
w	49	2	6	22	0	-1
w	50	2	43	50	0	-1
w	51	2	49	57	0	-1
w	52	2	14	38	0	-1
w	53	2	31	54	0	-1
w	54	2	6	39	0	-1
w	55	2	55	9	0	-1
w	56	2	39	1	0	-1
w	57	2	28	44	0	-1
w	58	2	18	15	0	-1
w	59	2	33	4	0	-1
w	60	2	31	45	0	-1
w	61	2	26	41	0	-1
w	62	2	10	29	0	-1
w	63	2	37	14	0	-1
w	64	3	7	57	0	-1
w	65	3	13	29	0	-1
w	66	3	47	9	0	-1
w	67	3	48	54	0	-1
w	68	3	12	10	0	-1
w	69	3	54	12	0	-1
w	70	3	44	0	0	-1
w	71	3	26	49	0	-1
w	72	3	58	28	0	-1
w	73	3	57	51	0	-1
w	74	3	26	17	0	-1
w	75	3	54	50	0	-1
w	76	3	4	9	0	-1
w	77	3	4	48	0	-1
w	78	3	15	59	0	-1
w	79	3	45	35	0	-1
w	80	3	27	0	0	-1
w	81	3	59	6	0	-1
w	82	3	23	26	0	-1
w	83	3	26	59	0	-1

books
50
row	column
0	35
1	0
2	6
4	28
4	56
8	10
8	15
8	26
10	5
10	38
10	56
11	15
12	19
12	52
12	59
15	52
15	56
16	25
16	41
18	57
19	0
20	50
21	17
23	4
27	35
29	30
34	18
35	49
36	29
38	20
39	33
39	49
40	59
42	18
42	24
43	10
45	22
46	57
49	22
49	35
50	11
50	49
51	4
51	25
52	15
52	18
52	35
53	55
56	5
57	12

spell_ingredients
15
5 9 10 5 7 11 9 9 8 6 9 5 9 5 8 

Voldemort
33 13

round 0

score	0	0	0	0

scr_acc	0	0	0	0

strength	1000	1000	1000	1000

status	0	0	0	0

