Game

Seed 182197

HarryPotter 1.0

NUM_PLAYERS			4
NUM_ROUNDS			200
BOARD_ROWS			60
BOARD_COLS			60
NUM_INI_WIZARDS_PER_CLAN	20
NUM_INI_BOOKS			50
CLAN_INI_MAGIC_STRENGTH		1000
POINTS_FOR_CONVERTING_WIZARD	100
POINTS_PER_OWNED_CELL		1
BOOK_MAGIC_STRENGTH		50
ROUNDS_FOR_CONVERTING		5
ROUNDS_ATTACK_RESTING_GHOST	15
ROUNDS_SPELL_RESTING_GHOST	60
ROUNDS_NO_ATTACK_GHOST		5
names          HarryBet Harry3 Harry2 Harry


   000000000011111111112222222222333333333344444444445555555555
   012345678901234567890123456789012345678901234567890123456789
00 .............................................2..............
01 ............................................WWWWWWWWW.WWW...
02 .............1.....0...................2....W.......W1W.W...
03 ......WWWWWWWWWWWWW.........................W.......W.W.W...
04 ......W...........W...........2.............W.......W.W.W...
05 .1....W...........W.................0.......W.......W.W.W...
06 ......W...........W.........................W.......W.W.W...
07 .WWWW.W...........W.........................W.......W3W.W...
08 .W..W.W.1...1.....W.........................W.......W.W.W...
09 .WW.W.W...........W....2......1............1W.......W.W.W...
10 ....W.W...........W...............3.........W.......W...W...
11 .WW.W0W...........W.........................W..1....W...W...
12 2W..W.W...........W...........3..........WWWW.......W...W..1
13 .W..W.W.......0...W....................1.W..........W...W...
14 .W..W.W...........W......0...............W..........W...W...
15 .W..W.W...........W......................W..........W...W...
16 .W.3W.W...2..WWWW.W......................W..........W...W...
17 .W..W.W.........W.W..................0...W.......1..WWWWW3..
18 .W..W.W.........W.W3..WWWWW.....1........W...3..............
19 .W..W.W.........W.W...W...WWWWWWWWWWWWWW.WWWWWWWWWWWWWWWWWW.
20 .W..W.W.....0...W.W...W................W..................W.
21 .W..W.W.........W.W...W......WWWWWWWWWWW..................W.
22 .W..W.W.........W.W...W..2...W.....................2......W.
23 .WWWW.WWWWWWWWWWW.WWWWW......W....2........3..............W.
24 .............................W............................W.
25 .WWWWWWWWWWWWWWWWWWWWWWWWWWW.W..........3.................W.
26 .W...........................W.........................3..W.
27 .W..WWWWWW...................W...................1........W.
28 .W..W....W........2..........W............................W0
29 .W..W....WWWWWWWWWWWWWWWWWWWWW...0....................3...W.
30 .W..W...3....................................3............W.
31 .W..W.................WWWWWWWWWWWWWWWWWWWWWWWWWWWWWWWWWWW.W.
32 .W..W..............3..W.................................W.W.
33 0W..W.........3.......W........WW..2....WWW.WWWWWW.WW...WWW.
34 .W..W.................W.WWW.....W.......W.W2W....W.W........
35 .W..W.................W.W2W.....W.......W.W.W.WW.W..........
36 .W.WW.................W.W.......W.......W.W.W.W..W.WWWWWWWW.
37 .W1W........0.........W.W.......W...0...W.W.W.W..W.W......W.
38 .W.W..................W.W.......W.......W.W.W.W..W.W.WWWWWW.
39 .W.W....2.............W.WWWWWWW.W.......W.W.W.WW.W.W.W......
40 .W.W..................W.......W.W.....0.W.W.W..W.W.W0W......
41 .W.W............0....1WWW.WWW.W.W.0.....W.W.W.WW.W.W.W....3.
42 .W.W.WWWWWWW............W.W.W.W.W.......W3W.W.W..W.W.W......
43 .W.W.W.....W............W.W.0.W.W.......W.W.W.W..W.W2W......
44 .W.W.W.....W............W.WWWWW.W.......W.W.W.W....W.W......
45 .W.W.W.....W............W.......W.......W.W.W.W....W.W......
46 .W.W.W.....W.3..........W.WWWWW.W.......W.W.W.W....W.W3.....
47 .W1W.W.....W............W.W...W.W....2..W.W.W.W....W.W......
48 .W.W.W....3W............W.W.W.W.W.WWWWWWW.W.W.W....W.W......
49 .W.W.W.....W............W.W.WWW.W.W.......W.W.W....W.WWWWWW.
50 .W.W.W.....W............W.W.....W.WW.WWWWWW.W.W....W....2.W.
51 .WWW.W.....W............W.WWWWW.W..W.W......W2WWWW1W......W.
52 .....W.....W............W.....W.W..W.W1.....W....W.W......W.
53 .....W..1...............W.....W.W..W.W......W....W.W......W.
54 .....W..................W.....W.W..W.W......W.WWWW.W......W.
55 .....W..............0...W.WWW.W.W..W.W......W.W..2.W......W.
56 .1...W...........2......W.W...W.W.WW.W.0..1.W.WWWWWW.3....W.
57 .....W..................W.W...W.W....W......W.............W.
58 .....WWWWWWWWWWWWWWWWWWWW.WWWWW.WWWWWW......WWWWWWWWWWWWWWW.
59 ...................................................0..2..0..

units
84
type	id	player	row	column	rounds	next
g	0	0	33	0	60	-1
g	1	1	9	43	60	-1
g	2	2	12	0	60	-1
g	3	3	33	14	60	-1
w	4	0	59	57	0	-1
w	5	0	37	12	0	-1
w	6	0	29	33	0	-1
w	7	0	56	39	0	-1
w	8	0	28	59	0	-1
w	9	0	41	34	0	-1
w	10	0	40	38	0	-1
w	11	0	37	36	0	-1
w	12	0	14	25	0	-1
w	13	0	13	14	0	-1
w	14	0	40	52	0	-1
w	15	0	5	36	0	-1
w	16	0	2	19	0	-1
w	17	0	17	37	0	-1
w	18	0	55	20	0	-1
w	19	0	41	16	0	-1
w	20	0	11	5	0	-1
w	21	0	43	28	0	-1
w	22	0	20	12	0	-1
w	23	0	59	51	0	-1
w	24	1	56	42	0	-1
w	25	1	2	53	0	-1
w	26	1	52	38	0	-1
w	27	1	27	49	0	-1
w	28	1	56	1	0	-1
w	29	1	2	13	0	-1
w	30	1	13	39	0	-1
w	31	1	37	2	0	-1
w	32	1	17	49	0	-1
w	33	1	12	59	0	-1
w	34	1	8	12	0	-1
w	35	1	11	47	0	-1
w	36	1	5	1	0	-1
w	37	1	9	30	0	-1
w	38	1	53	8	0	-1
w	39	1	8	8	0	-1
w	40	1	51	50	0	-1
w	41	1	47	2	0	-1
w	42	1	18	32	0	-1
w	43	1	41	21	0	-1
w	44	2	4	30	0	-1
w	45	2	22	51	0	-1
w	46	2	0	45	0	-1
w	47	2	59	54	0	-1
w	48	2	23	34	0	-1
w	49	2	39	8	0	-1
w	50	2	16	10	0	-1
w	51	2	55	49	0	-1
w	52	2	33	35	0	-1
w	53	2	34	43	0	-1
w	54	2	50	56	0	-1
w	55	2	28	18	0	-1
w	56	2	56	17	0	-1
w	57	2	9	23	0	-1
w	58	2	43	52	0	-1
w	59	2	22	25	0	-1
w	60	2	47	37	0	-1
w	61	2	51	45	0	-1
w	62	2	35	25	0	-1
w	63	2	2	39	0	-1
w	64	3	30	8	0	-1
w	65	3	23	43	0	-1
w	66	3	26	55	0	-1
w	67	3	16	3	0	-1
w	68	3	56	53	0	-1
w	69	3	41	58	0	-1
w	70	3	46	54	0	-1
w	71	3	42	41	0	-1
w	72	3	7	53	0	-1
w	73	3	30	45	0	-1
w	74	3	46	13	0	-1
w	75	3	10	34	0	-1
w	76	3	32	19	0	-1
w	77	3	18	45	0	-1
w	78	3	29	54	0	-1
w	79	3	17	57	0	-1
w	80	3	25	40	0	-1
w	81	3	18	19	0	-1
w	82	3	48	10	0	-1
w	83	3	12	30	0	-1

books
50
row	column
0	33
1	29
2	58
5	11
5	20
5	42
6	5
6	46
8	2
8	16
9	59
12	21
13	51
16	7
18	28
19	3
19	40
20	56
21	0
23	59
24	8
25	52
26	26
27	43
28	21
29	37
30	13
30	51
32	24
33	10
34	53
40	25
40	31
41	2
42	13
42	47
43	7
44	16
46	43
48	19
49	14
49	25
50	22
50	31
53	34
53	54
55	31
56	6
59	33
59	37

spell_ingredients
15
5 7 5 6 4 7 4 4 4 7 5 8 4 4 6 

Voldemort
23 28

round 0

score	0	0	0	0

scr_acc	0	0	0	0

strength	1000	1000	1000	1000

status	0	0	0	0

