Game

Seed 5461

HarryPotter 1.0

NUM_PLAYERS			4
NUM_ROUNDS			200
BOARD_ROWS			60
BOARD_COLS			60
NUM_INI_WIZARDS_PER_CLAN	20
NUM_INI_BOOKS			50
CLAN_INI_MAGIC_STRENGTH		1000
POINTS_FOR_CONVERTING_WIZARD	100
POINTS_PER_OWNED_CELL		1
BOOK_MAGIC_STRENGTH		50
ROUNDS_FOR_CONVERTING		5
ROUNDS_ATTACK_RESTING_GHOST	15
ROUNDS_SPELL_RESTING_GHOST	60
ROUNDS_NO_ATTACK_GHOST		5
names          HarryBet Harry3 Harry2 Harry


   000000000011111111112222222222333333333344444444445555555555
   012345678901234567890123456789012345678901234567890123456789
00 ...................................3........................
01 .WWW...1WWWWW3WWWWWWWWWWWWWWWWWWW.W...............1.........
02 .W.W....W...W.W.....3...........W.WW.......................1
03 .W.W....W...W.W.WWWW............W1.W.1...3..2...............
04 .W.W....W...W.W.W..W....0.......W..W..................0.....
05 .W.W....WW..W.W.WW.W............W..W........................
06 .W.W.....W..W.W....W.....WWWW...W..W...1.................WW.
07 .W.W.....W..W.WWWWWW...3.W..W...W0.W........0.............W.
08 .W.W...1.W..W............W..W...W..W......................W.
09 .W0W.....W..W.WWWWWWWWWW.W..W...W..W...............3......W.
10 .W.W.....WW.W.W..........W..W...W..W......................W.
11 ...W......W.W.W.WWW......W..W...W..W......................W.
12 .WWW......W.W.W.W.W......W..W...W..W....2.................W.
13 .W........W.W.W.W.W.2....W0.W...W..W...............2......W.
14 .WWWWWWWWWW.W.W.W3W......W..W...W..W......................W.
15 ............W.W.W.W......W..W...W..W.....1..............0.W.
16 .WWWWWWWWWWWW.W.W.W......W..W...W..W......................W.
17 .W............W.W.W......W..W...W..W......................W.
18 .W............W.W.W......W..W...W..W................1.....W.
19 .W.....2......W.W.W.W....W..W...W..W..........0...........W.
20 .W............W.W.W.W....W..W...W..W.WWWWWWWWWWWWWWWWWWWWWW.
21 .W............W.W.W.W....W..W...W..W.W......................
22 .W.........0..W.W.W0W....W.0W...W..W.W.WWWWWWWWWWWWWWWWWWWW.
23 .WWWWWWWWWWWWWW3W.W.W....W..W...W..W.W....................W.
24 ..................WWW....W..W...W..W.W..WWWWWWWWWWWWWWWWWWW.
25 ...........WWWWWW........W..W...W..W.W..W.........2.........
26 ...........W....WWWWWWWWWW..W...W....WWWW................1..
27 ...........W.WW.............W...W...........................
28 ...........W.W..............W...WWWWWWWWWWWWWWWWWWWWWWW.....
29 ...........W.W..............W.........................W.....
30 ...........W.W..............WWWWW2...3................W.....
31 .WWWWWWW..WW.W........1.......................0.......W.....
32 .W.....WW.W..W........................................W.....
33 .W.W...2W.W.WW...........3............................W....1
34 .W.WWWWWW.W.W.3.......................................W.....
35 .W........W.W.........................................WWWWW.
36 .WWWWWWWW.W.W......0...................WWW................W.
37 ........W.W.W..........................W.W...........2....W.
38 ........W.W.W..1.......................W.W...............0W.
39 .......0W.W.W.......0...........2......W.W..1.............W.
40 ........W.W.W.........................0W.W................W.
41 0.......W.W.W..............0...........W.W...........2....W.
42 ........W.W.W.........2................W.W.2..............W.
43 ......WWW.W.W..........................W.WW...............W.
44 ......W...W.W.....1....................W..W...............W.
45 ......W...W.W..........................W..W..2............W.
46 2.....W...W.W........2.....2...........W..W...............W.
47 ......W...W.W1.........................W3.W...............W.
48 ......W...W.W..........................W..W.WWWWWWWWWWWW..W.
49 ......W...W.W........................3.W..W3W......3......W.
50 ......W...W.W....................0.....W..W.W.....WWWWWWW.W.
51 .....3W..3W.W...1......2...............W..W.W.....W.....W.W.
52 ......W...W.W.............0............W.WW.WWWWWWW.WWWWW.W.
53 ......W...W.WW.........................W.W...............1W.
54 ......W...W............................W.WWWWWWWWWWWWWWWWWW.
55 .2....W...W.........................1..W....................
56 ......W...W..................3..2......W.......3............
57 ......W...W............................W....................
58 ......WWWWW............................WWWWWWWWWW..1........
59 ...1.............3......................3..2................

units
84
type	id	player	row	column	rounds	next
g	0	0	22	27	60	-1
g	1	1	1	7	60	-1
g	2	2	41	53	60	-1
g	3	3	47	40	60	-1
w	4	0	4	24	0	-1
w	5	0	31	46	0	-1
w	6	0	36	19	0	-1
w	7	0	22	11	0	-1
w	8	0	52	26	0	-1
w	9	0	41	27	0	-1
w	10	0	7	44	0	-1
w	11	0	13	26	0	-1
w	12	0	40	38	0	-1
w	13	0	39	7	0	-1
w	14	0	7	33	0	-1
w	15	0	38	57	0	-1
w	16	0	9	2	0	-1
w	17	0	22	19	0	-1
w	18	0	19	46	0	-1
w	19	0	50	33	0	-1
w	20	0	15	56	0	-1
w	21	0	41	0	0	-1
w	22	0	39	20	0	-1
w	23	0	4	54	0	-1
w	24	1	2	59	0	-1
w	25	1	31	22	0	-1
w	26	1	38	15	0	-1
w	27	1	18	52	0	-1
w	28	1	55	36	0	-1
w	29	1	44	18	0	-1
w	30	1	26	57	0	-1
w	31	1	51	16	0	-1
w	32	1	8	7	0	-1
w	33	1	1	50	0	-1
w	34	1	6	39	0	-1
w	35	1	47	13	0	-1
w	36	1	59	3	0	-1
w	37	1	39	44	0	-1
w	38	1	15	41	0	-1
w	39	1	33	59	0	-1
w	40	1	58	51	0	-1
w	41	1	53	57	0	-1
w	42	1	3	33	0	-1
w	43	1	3	37	0	-1
w	44	2	39	32	0	-1
w	45	2	30	33	0	-1
w	46	2	46	0	0	-1
w	47	2	55	1	0	-1
w	48	2	37	53	0	-1
w	49	2	13	51	0	-1
w	50	2	19	7	0	-1
w	51	2	13	20	0	-1
w	52	2	12	40	0	-1
w	53	2	45	45	0	-1
w	54	2	46	27	0	-1
w	55	2	51	23	0	-1
w	56	2	59	43	0	-1
w	57	2	56	32	0	-1
w	58	2	33	7	0	-1
w	59	2	46	21	0	-1
w	60	2	25	50	0	-1
w	61	2	42	22	0	-1
w	62	2	42	43	0	-1
w	63	2	3	44	0	-1
w	64	3	7	23	0	-1
w	65	3	56	29	0	-1
w	66	3	51	5	0	-1
w	67	3	9	51	0	-1
w	68	3	59	17	0	-1
w	69	3	59	40	0	-1
w	70	3	2	20	0	-1
w	71	3	23	15	0	-1
w	72	3	34	14	0	-1
w	73	3	33	25	0	-1
w	74	3	49	43	0	-1
w	75	3	3	41	0	-1
w	76	3	49	37	0	-1
w	77	3	49	51	0	-1
w	78	3	30	37	0	-1
w	79	3	56	47	0	-1
w	80	3	1	13	0	-1
w	81	3	0	35	0	-1
w	82	3	14	17	0	-1
w	83	3	51	9	0	-1

books
50
row	column
0	38
1	56
2	4
4	13
5	29
9	40
9	55
10	29
11	47
12	23
15	48
18	56
19	13
21	3
21	36
24	7
24	23
24	30
26	2
27	22
27	26
29	4
29	15
30	0
30	55
31	12
33	29
33	51
34	34
35	42
37	26
38	4
38	11
43	3
43	50
44	9
44	33
48	3
49	46
52	40
53	31
53	49
54	5
54	14
55	25
55	44
57	12
58	21
59	0
59	58

spell_ingredients
15
6 5 5 9 9 9 7 7 7 8 6 6 5 9 7 

Voldemort
11 36

round 0

score	0	0	0	0

scr_acc	0	0	0	0

strength	1000	1000	1000	1000

status	0	0	0	0

