Game

Seed 965769

HarryPotter 1.0

NUM_PLAYERS			4
NUM_ROUNDS			200
BOARD_ROWS			60
BOARD_COLS			60
NUM_INI_WIZARDS_PER_CLAN	20
NUM_INI_BOOKS			50
CLAN_INI_MAGIC_STRENGTH		1000
POINTS_FOR_CONVERTING_WIZARD	100
POINTS_PER_OWNED_CELL		1
BOOK_MAGIC_STRENGTH		50
ROUNDS_FOR_CONVERTING		5
ROUNDS_ATTACK_RESTING_GHOST	15
ROUNDS_SPELL_RESTING_GHOST	60
ROUNDS_NO_ATTACK_GHOST		5
names          Dummy Dummy MARTA_12 Harry


   000000000011111111112222222222333333333344444444445555555555
   012345678901234567890123456789012345678901234567890123456789
00 ....................0.........................0.............
01 .WWW.......0....................................WWWWWWWW....
02 .W.W.....................0......................W......WWWW.
03 .W.W.................3...........2..............W.........W.
04 .W.W.................................0................0..0W.
05 .W.W2.....................................................W.
06 .W.W.........1....................0........0..............W.
07 .W.W.............3................................2.......W.
08 .W.W..........................2...........................W.
09 .W.W0.................................................3...W1
10 .W.W......................................................W.
11 2W.W..............2..............3........................W.
12 .W.WWWWWWW................................................W.
13 .........W...........2..............................1.....W.
14 .WWWWWWWWW.....WWWWWWWWWWWWW.....................WWWWWWWW.W.
15 .W.............W.................................W......W.W.
16 .W.WWWWWWW.....W.....1...................WWWWWW.WW......W2W.
17 .W.W.....W.....W........2...........0...2W....W.........W.W.
18 .W.W.WWW.W.....W.........................W....WWWWWWWWWWW.W.
19 .W.W.W.W.W.....W.....3.....2.............W...............3W.
20 .W.W1W.W.W....1W.........................W...........1....W.
21 .W.W.W.W.W.....W......................2..W..........WWWWWWW.
22 .W.W.W.W.W.....W....................................W.......
23 .W.W.W.W.W.....W...1................WWWWWWWWWWWWWWWWW.......
24 .W.W.W.W.W2....W....................W...............3.......
25 .W.W...W.W.....W....................W.......................
26 .W.WWWWW.WWWWWWW....................W.......................
27 .W...................0.....0........W.......................
28 .WWWWWWWWWWWWWWWWWWWWWWWWWWWWWWWW1..WW...2..................
29 ................................W....W......................
30 .....3.........2...WWWWWWWWWW...W....W..............3...0...
31 ...................W........W...W....W......................
32 .3.................W........W...WWWW.W......................
33 ...................W........W........WWWWWWWWWWWWWWWWWWWWWW.
34 .................1.W........WWWWWW.W......................W.
35 ............1......W.............W.W.WWWWWWWWW....WWWWWWWWW.
36 .3..3..2...........W........3...3W.W.W.......W....W.......2.
37 ...................WWWWWWWWWWWWW.W.W.W.......W....W.........
38 ...............................W.W.W.W.......W....W.........
39 .......WWWWWWWWWWWWWWWWWWWWW.W.W.W...W.......W....W.........
40 .......W...................W.W.W.W...W.WWWWWWW.W..W.........
41 .WWWWWWW.WWWWW........WWWW.W3W.W.W...W.........W..W.........
42 .W.......W...W...0....W..W.W.W.W.W.WWW2........W..W.........
43 .W.......W...W........W..W.W.W.W.W.W...........W..W.........
44 .W.......W...W.........1.W.W.W.W.W.W...........W1.W.........
45 .W.......W...W...1.......W.W.W.W.W.W...........W..W.......3.
46 .W..2........W...........W.W.W.W.W.W......1....W..W.........
47 .W...........W...........W.W.W.W.W.W...........W3.W...1.....
48 .W...........W......2....W.W.WWW.W1W.3.........WW.W.........
49 .W...........W.WWWWWWWWWWW.W.....W.W............W.W.........
50 .W...........W0W...........W.WWWWW.W............W.W.........
51 .W.........1.W.W...........W.W.....W...........1W.W.........
52 .W...........W.WWWWWWWWWW..W.W.WWW.W............W.W.........
53 .W...........W..........W..W.W.W...W............W.W....2...3
54 .W...........W.WWWWWWWW.W..W.W.WWWWW...........0W.W.........
55 0W......0....W.W........W..W.W..................W.W.........
56 .W...........W.WWWWWWWWWW3.W.WWWWWWWWWWWWWWWWWWWW.W1..0.....
57 .WWWWWWWWWWWWW.............W......................W.........
58 ............1..............WWWWWWWWWWWWWWWWWWWWWWWW.........
59 ...3........................................0...............

units
84
type	id	player	row	column	rounds	next
g	0	0	2	25	60	-1
g	1	1	46	42	60	-1
g	2	2	13	21	60	-1
g	3	3	56	25	60	-1
w	4	0	55	0	0	-1
w	5	0	54	47	0	-1
w	6	0	30	56	0	-1
w	7	0	0	20	0	-1
w	8	0	4	54	0	-1
w	9	0	59	44	0	-1
w	10	0	56	54	0	-1
w	11	0	42	17	0	-1
w	12	0	1	11	0	-1
w	13	0	55	8	0	-1
w	14	0	27	27	0	-1
w	15	0	50	14	0	-1
w	16	0	4	57	0	-1
w	17	0	0	46	0	-1
w	18	0	9	4	0	-1
w	19	0	17	36	0	-1
w	20	0	27	21	0	-1
w	21	0	4	37	0	-1
w	22	0	6	34	0	-1
w	23	0	6	43	0	-1
w	24	1	48	34	0	-1
w	25	1	13	52	0	-1
w	26	1	20	53	0	-1
w	27	1	44	48	0	-1
w	28	1	51	47	0	-1
w	29	1	56	51	0	-1
w	30	1	44	23	0	-1
w	31	1	6	13	0	-1
w	32	1	45	17	0	-1
w	33	1	23	19	0	-1
w	34	1	28	33	0	-1
w	35	1	9	59	0	-1
w	36	1	35	12	0	-1
w	37	1	16	21	0	-1
w	38	1	34	17	0	-1
w	39	1	51	11	0	-1
w	40	1	20	14	0	-1
w	41	1	58	12	0	-1
w	42	1	20	4	0	-1
w	43	1	47	54	0	-1
w	44	2	11	18	0	-1
w	45	2	7	50	0	-1
w	46	2	36	58	0	-1
w	47	2	28	41	0	-1
w	48	2	16	57	0	-1
w	49	2	30	15	0	-1
w	50	2	53	55	0	-1
w	51	2	48	20	0	-1
w	52	2	42	38	0	-1
w	53	2	21	38	0	-1
w	54	2	24	10	0	-1
w	55	2	19	27	0	-1
w	56	2	8	30	0	-1
w	57	2	3	33	0	-1
w	58	2	46	4	0	-1
w	59	2	17	40	0	-1
w	60	2	17	24	0	-1
w	61	2	5	4	0	-1
w	62	2	11	0	0	-1
w	63	2	36	7	0	-1
w	64	3	32	1	0	-1
w	65	3	30	52	0	-1
w	66	3	30	5	0	-1
w	67	3	47	48	0	-1
w	68	3	11	33	0	-1
w	69	3	48	37	0	-1
w	70	3	19	21	0	-1
w	71	3	36	4	0	-1
w	72	3	36	32	0	-1
w	73	3	59	3	0	-1
w	74	3	53	59	0	-1
w	75	3	41	28	0	-1
w	76	3	24	52	0	-1
w	77	3	3	21	0	-1
w	78	3	45	58	0	-1
w	79	3	7	17	0	-1
w	80	3	19	57	0	-1
w	81	3	9	54	0	-1
w	82	3	36	1	0	-1
w	83	3	36	28	0	-1

books
50
row	column
0	35
0	51
2	4
2	17
4	48
6	23
13	40
13	46
15	7
15	43
16	28
17	51
19	10
19	17
19	33
19	46
21	0
22	30
22	46
23	33
23	56
25	37
26	48
27	13
27	56
31	27
32	42
35	21
36	42
38	11
38	17
39	4
41	21
42	34
43	0
43	54
44	12
44	26
45	45
49	42
51	6
52	37
52	42
53	17
53	20
55	42
56	58
58	21
59	9
59	26

spell_ingredients
15
5 5 8 6 6 7 6 8 8 5 8 6 8 10 9 

Voldemort
40 25

round 0

score	0	0	0	0

scr_acc	0	0	0	0

strength	1000	1000	1000	1000

status	0	0	0	0

