Game

Seed 434230

HarryPotter 1.0

NUM_PLAYERS			4
NUM_ROUNDS			200
BOARD_ROWS			60
BOARD_COLS			60
NUM_INI_WIZARDS_PER_CLAN	20
NUM_INI_BOOKS			50
CLAN_INI_MAGIC_STRENGTH		1000
POINTS_FOR_CONVERTING_WIZARD	100
POINTS_PER_OWNED_CELL		1
BOOK_MAGIC_STRENGTH		50
ROUNDS_FOR_CONVERTING		5
ROUNDS_ATTACK_RESTING_GHOST	15
ROUNDS_SPELL_RESTING_GHOST	60
ROUNDS_NO_ATTACK_GHOST		5
names          HarryBet Harry3 Harry2 Harry


   000000000011111111112222222222333333333344444444445555555555
   012345678901234567890123456789012345678901234567890123456789
00 ....0....2.................................1................
01 .WWWWWWWWWWWW........2.......2.....................1........
02 .W..........W....2...................2......................
03 .W..........W...............................................
04 .W..........W...............................................
05 .W..........W....0................0......0......3..........1
06 .W..........W...............................................
07 .W.....0...3W...............................................
08 .W..........W............................3.................2
09 .W..........WWWWWWWWWWWWWWW.WWWWWWWWWWWWWWWWWW..............
10 .W........................W.W.......0.......................
11 .W..WWWWWWWWWWWWWWWW...1..W.W...2.WWWWW....2................
12 .W..W.......0......W......W.WWWWWWW...WWWWWWWWW.............
13 .W.3W.1............W......W...................W.WWWWWWWWWWW.
14 .W..W..............W......WWWWWWWWWWWWWWWWWWW.W.W.........W.
15 .W..W.....W........W.......1.........1....3.W...W.W...WWW.W.
16 .W..W.....W........WWWWW.WWW......2..WWWWWW.W.WWW.WWWWW.W.W.
17 .W..W.....WWWWWWWW.....W.W.W.........W....W.W.W.........W.W.
18 .WWWW............W.0...W.W.W.........W....W.W.W.WWWWWWWWW.W.
19 ..1.......WWWWW..W.....W.2.W.........W....W.W0W.W....3....W.
20 .......1..W...W..W.....WWW.W.......0......W.W.W.W.........W.
21 ..........W...WW.W.......W.W..............W.W.W.W.........W.
22 ..........W....WWW.......W.W..........WWW.W.W.W.WWWWWWWWWWW.
23 ..........W........3.....W.W...1......W.W.W.W.W.............
24 ..........W..............W.W..........W.W.W.W.W.WWWWWWWWWW..
25 ....3.....W0...........WWW.WWWWWW.....W.W.W.W.W.W.....3..W..
26 .1......0.W....1.....2..........W.....W.W.W.W.W.W.WWW....W..
27 ..........W.....................W.....W...W.W.W.W.W.W....W..
28 ..........W............WWWWWW...W.....WWWWW.WWW.W.W.W....W..
29 .........3W............W....W...W.........3.....W.W.W3...W..
30 ..........W............W....W...W..WWWWWWWWWWWWWW3W.W....W..
31 ..........W............W....W...W..W..............W.WWWWWW..
32 ..........W............W1...W...W..W.WWWWWWWWWW...W.........
33 .2........W............W....W...W..W.W......2.WWWWW........0
34 ..........W............W...0W...W..W.W.WW...................
35 ..........W............W....W...W..W.W..WWWWWWWWW...........
36 ..2.......W............W....W...W..W.W......0...W...........
37 ..........W............W....W.2.W3.W.W..........W...........
38 ..........W.........3..W.WWWW...W..W.WWWWWWWWWWWW...........
39 ......1...W............W.W......W..W........................
40 ..........W.WWWWWWWWWW.W.W.WWWWWW.....WWWWWWWWW.............
41 ..........W.W........W.W.W.W..........W.......W.............
42 ..........W.W.2....W.W.W.W.W..........WWWWWWW.W..........3..
43 ....0.....W.WWWWWWWW.W...W.WWW......0........1W.............
44 .........1W..........W...W...W......WWWWWWWWWWW......2......
45 ..........WWWWWWWWWWWW...W...W..WWW.W.....3.................
46 .........................W...W....W.W............1..........
47 .........................W...W.WWWW.W.......................
48 ....1........2...........W...W......W.......2...............
49 .........................W...WWWWWW.W.......................
50 ...................3.....W.0......W.W...................3...
51 .........................W........W.W.......................
52 .......................3.W........W.W.......................
53 ....1.........2..........W........W.W..........0............
54 .........................W........W.W.......................
55 .........................W........W.W....................1..
56 .........................W........W.W.......................
57 ..............1...0......W........W.WWWWWWWWWWWWW..0........
58 ...2.....................WWWWWWWWWW.........................
59 ............................3...............................

units
84
type	id	player	row	column	rounds	next
g	0	0	10	36	60	-1
g	1	1	55	57	60	-1
g	2	2	26	21	60	-1
g	3	3	50	19	60	-1
w	4	0	12	12	0	-1
w	5	0	26	8	0	-1
w	6	0	36	44	0	-1
w	7	0	50	27	0	-1
w	8	0	43	4	0	-1
w	9	0	25	11	0	-1
w	10	0	33	59	0	-1
w	11	0	53	47	0	-1
w	12	0	0	4	0	-1
w	13	0	7	7	0	-1
w	14	0	18	19	0	-1
w	15	0	19	45	0	-1
w	16	0	57	51	0	-1
w	17	0	5	41	0	-1
w	18	0	57	18	0	-1
w	19	0	34	27	0	-1
w	20	0	20	35	0	-1
w	21	0	43	36	0	-1
w	22	0	5	17	0	-1
w	23	0	5	34	0	-1
w	24	1	15	27	0	-1
w	25	1	39	6	0	-1
w	26	1	13	6	0	-1
w	27	1	32	24	0	-1
w	28	1	23	31	0	-1
w	29	1	15	37	0	-1
w	30	1	48	4	0	-1
w	31	1	5	59	0	-1
w	32	1	1	51	0	-1
w	33	1	53	4	0	-1
w	34	1	20	7	0	-1
w	35	1	43	45	0	-1
w	36	1	19	2	0	-1
w	37	1	44	9	0	-1
w	38	1	26	1	0	-1
w	39	1	0	43	0	-1
w	40	1	46	49	0	-1
w	41	1	57	14	0	-1
w	42	1	26	15	0	-1
w	43	1	11	23	0	-1
w	44	2	16	34	0	-1
w	45	2	36	2	0	-1
w	46	2	11	32	0	-1
w	47	2	2	37	0	-1
w	48	2	44	53	0	-1
w	49	2	1	21	0	-1
w	50	2	48	13	0	-1
w	51	2	8	59	0	-1
w	52	2	19	25	0	-1
w	53	2	53	14	0	-1
w	54	2	33	1	0	-1
w	55	2	58	3	0	-1
w	56	2	2	17	0	-1
w	57	2	11	43	0	-1
w	58	2	42	14	0	-1
w	59	2	37	30	0	-1
w	60	2	1	29	0	-1
w	61	2	0	9	0	-1
w	62	2	33	44	0	-1
w	63	2	48	44	0	-1
w	64	3	29	53	0	-1
w	65	3	25	4	0	-1
w	66	3	19	53	0	-1
w	67	3	23	19	0	-1
w	68	3	45	42	0	-1
w	69	3	38	20	0	-1
w	70	3	15	42	0	-1
w	71	3	50	56	0	-1
w	72	3	13	3	0	-1
w	73	3	8	41	0	-1
w	74	3	29	42	0	-1
w	75	3	52	23	0	-1
w	76	3	7	11	0	-1
w	77	3	30	49	0	-1
w	78	3	25	54	0	-1
w	79	3	29	9	0	-1
w	80	3	59	28	0	-1
w	81	3	42	57	0	-1
w	82	3	37	33	0	-1
w	83	3	5	48	0	-1

books
50
row	column
1	34
3	45
5	24
5	27
6	45
7	0
7	20
7	55
10	3
10	8
11	29
12	56
15	17
15	31
15	45
18	13
21	39
21	50
22	11
22	43
24	58
27	29
29	12
31	18
32	34
35	17
35	20
37	13
37	38
37	53
39	9
41	24
41	49
42	20
44	31
45	22
45	58
46	37
48	1
48	8
48	40
51	50
52	7
53	11
54	1
54	31
55	44
56	41
57	23
58	10

spell_ingredients
15
4 4 4 3 4 3 4 5 5 5 3 3 3 5 5 

Voldemort
29 3

round 0

score	0	0	0	0

scr_acc	0	0	0	0

strength	1000	1000	1000	1000

status	0	0	0	0

