Game

Seed 722380

HarryPotter 1.0

NUM_PLAYERS			4
NUM_ROUNDS			200
BOARD_ROWS			60
BOARD_COLS			60
NUM_INI_WIZARDS_PER_CLAN	20
NUM_INI_BOOKS			50
CLAN_INI_MAGIC_STRENGTH		1000
POINTS_FOR_CONVERTING_WIZARD	100
POINTS_PER_OWNED_CELL		1
BOOK_MAGIC_STRENGTH		50
ROUNDS_FOR_CONVERTING		5
ROUNDS_ATTACK_RESTING_GHOST	15
ROUNDS_SPELL_RESTING_GHOST	60
ROUNDS_NO_ATTACK_GHOST		5
names          HarryBet Harry3 Harry2 Harry


   000000000011111111112222222222333333333344444444445555555555
   012345678901234567890123456789012345678901234567890123456789
00 .............3..........2...................................
01 ................................WWWWWWWWWWWWWWWWWWWWWWWWWWW.
02 ...2.......WWW...............0..W1............3...........W.
03 .............W3.................W................0........W.
04 .............W..................W.....................0...W2
05 1............W.....1....3.......W................WWWWWWWW.W.
06 .............W..2...............W................W......W.W.
07 ..........2..W..................W................W.WWWWWW.W.
08 ............WW.............1....W...2........3...W.W......W.
09 ..........W.....................W........2......1W.W.WWWW.W.
10 ..........WW....................W................W.W.W..W.W.
11 ....W......W....................W................W.W.W..W.W.
12 ....W.3....W.................3..W...............3W.W.W..W.W2
13 .WWWW......W...0................W0...............W.W.WW.W.W.
14 .W.........W....................W................W.W....W.W.
15 .W.WWWWWWW.W....................W................W.W.WWWW.W.
16 .W.W.....W.WWWW.................W................W.W.W....W.
17 .W.W.....W....W.................W................W.W.W....W.
18 .W.W.....W....W.................WW...............W.W.W....W.
19 .W.W...2.W...0W.....3............W...............W.W.W..0.W.
20 .W.W.....W....W..................W.2.......3.....W.W.W....W.
21 .W.W.....W....W..........1.......W...............W.W.W....W.
22 .W0W.....W....W...1..............W...............W.W.W0...W.
23 .W.W.....W....W..................W...............W.W.W....W.
24 .W.W..3..W....W..............2...W..........1....W.W.W...0W.
25 .W.W.....W....W..................W.............3.W.W.W....W.
26 .W.W.....W....W........0.........W.WWWWWWW.......W.W.W....W.
27 .W.W.....W....W....0.............W.W.....WWWWWWWWW.WWW....W.
28 .W.W....1W....W...........1......W.W....2.................W.
29 .W2W.....W....W..................W.WWWWWWWWWWWWWWWWWWWWWWWW.
30 .W.W.....W....W..................W.....................0....
31 .W.W.....W....WWWWWWWWWWWWWWWWWWWW.WWWWWWWWWWWWWWWWWWWWWWWW.
32 .W.W...3.W..2...........3.......1.....1...................W.
33 .W.W.....W.WWW.WWWWWWWWWWWW.WWWWWWWWWWWWWWWWWWWWWWWWWWWWWWW.
34 .W.W0....W.W.W.W..........W.W...............................
35 .W.W.....W.W.W.W..3.......W.W......2...WWWWWWWWWWWWWWWWWWWW.
36 .W.W.WWWWW3W.W.W..........W.W..........W.....0............W.
37 .W.W.W.......W.W...W.......2WW.........W.........WWWW.WWW.W.
38 .WWW.WWWWWWWWW.W...W.........W.........W.........W..W...W.W.
39 ...............W...W.........W.....1...W.........W..WWWWW.W.
40 .WWWWWWWWWWWWWWW...W.........W.........W.........W........W.
41 .W.................W.........W.........W.........WWWWWWWWWW.
42 .W.WWWWWWWWWWWWWWWWW.........W...0.....W....................
43 .W....2......................W.........W....................
44 .WWWWWWWWWWWWWWWWWWWW3...1...W.........W....................
45 ....................W........W.........W....................
46 .WWW................W........W....0....W....0...1...........
47 .W.W2.....W.WWWWWWW.W........W.........W....................
48 .W.W......W1W.....W.W........W.........W....................
49 2W.W......W.W...1.W.W.W......W.........W..................1.
50 .W.WWWWWWWW.W.....W.W.W......W.........W....................
51 .W..........W.....W.W.W......W...1.....W....................
52 .W.WWW.....WW.....W.W.W......W.........W....................
53 .W.W.W.....W....0.W.W.W......W.........W....................
54 .W.W2W.....W......W.W.W......W.........WWWWWWWWWWWWWWWWWW...
55 .W...W.....W.WWWWWW.W.W......W............3.................
56 .WWWWW.0...W.W..0...W.W......W........3.....................
57 ...........W........W2W......W..............................
58 ...........WWWWWWWWWW.WWWWWWWW..3...........................
59 .1.........3...............................................1

units
84
type	id	player	row	column	rounds	next
g	0	0	19	13	60	-1
g	1	1	5	0	60	-1
g	2	2	9	41	60	-1
g	3	3	56	38	60	-1
w	4	0	46	34	0	-1
w	5	0	13	33	0	-1
w	6	0	22	54	0	-1
w	7	0	46	44	0	-1
w	8	0	30	55	0	-1
w	9	0	53	16	0	-1
w	10	0	34	4	0	-1
w	11	0	56	16	0	-1
w	12	0	2	29	0	-1
w	13	0	13	15	0	-1
w	14	0	26	23	0	-1
w	15	0	24	57	0	-1
w	16	0	3	49	0	-1
w	17	0	19	56	0	-1
w	18	0	36	45	0	-1
w	19	0	4	54	0	-1
w	20	0	27	19	0	-1
w	21	0	42	33	0	-1
w	22	0	22	2	0	-1
w	23	0	56	7	0	-1
w	24	1	48	11	0	-1
w	25	1	32	32	0	-1
w	26	1	9	48	0	-1
w	27	1	39	35	0	-1
w	28	1	44	25	0	-1
w	29	1	21	25	0	-1
w	30	1	8	27	0	-1
w	31	1	49	58	0	-1
w	32	1	24	44	0	-1
w	33	1	59	1	0	-1
w	34	1	5	19	0	-1
w	35	1	59	59	0	-1
w	36	1	49	16	0	-1
w	37	1	28	8	0	-1
w	38	1	2	33	0	-1
w	39	1	46	48	0	-1
w	40	1	28	26	0	-1
w	41	1	22	18	0	-1
w	42	1	51	33	0	-1
w	43	1	32	38	0	-1
w	44	2	54	4	0	-1
w	45	2	19	7	0	-1
w	46	2	28	40	0	-1
w	47	2	20	35	0	-1
w	48	2	2	3	0	-1
w	49	2	49	0	0	-1
w	50	2	29	2	0	-1
w	51	2	35	35	0	-1
w	52	2	12	59	0	-1
w	53	2	32	12	0	-1
w	54	2	57	21	0	-1
w	55	2	6	16	0	-1
w	56	2	43	6	0	-1
w	57	2	8	36	0	-1
w	58	2	37	27	0	-1
w	59	2	7	10	0	-1
w	60	2	0	24	0	-1
w	61	2	24	29	0	-1
w	62	2	47	4	0	-1
w	63	2	4	59	0	-1
w	64	3	25	47	0	-1
w	65	3	20	43	0	-1
w	66	3	2	46	0	-1
w	67	3	55	42	0	-1
w	68	3	12	29	0	-1
w	69	3	24	6	0	-1
w	70	3	5	24	0	-1
w	71	3	0	13	0	-1
w	72	3	32	24	0	-1
w	73	3	12	48	0	-1
w	74	3	58	32	0	-1
w	75	3	8	45	0	-1
w	76	3	32	7	0	-1
w	77	3	36	10	0	-1
w	78	3	44	21	0	-1
w	79	3	3	14	0	-1
w	80	3	12	6	0	-1
w	81	3	59	11	0	-1
w	82	3	35	18	0	-1
w	83	3	19	20	0	-1

books
50
row	column
1	8
5	45
7	5
8	24
9	31
10	19
12	25
14	52
15	18
16	31
17	43
18	50
19	31
21	39
23	21
25	50
28	36
29	11
29	23
29	31
30	49
36	22
36	50
37	42
39	16
39	22
39	30
41	26
41	46
42	49
43	18
44	58
45	9
45	14
45	55
46	41
48	7
49	38
50	42
52	10
53	38
53	48
54	24
55	0
55	28
57	4
57	55
58	46
58	51
59	8

spell_ingredients
15
8 12 7 12 9 11 11 11 6 6 8 8 6 6 9 

Voldemort
56 12

round 0

score	0	0	0	0

scr_acc	0	0	0	0

strength	1000	1000	1000	1000

status	0	0	0	0

