Game

Seed 302546

HarryPotter 1.0

NUM_PLAYERS			4
NUM_ROUNDS			200
BOARD_ROWS			60
BOARD_COLS			60
NUM_INI_WIZARDS_PER_CLAN	20
NUM_INI_BOOKS			50
CLAN_INI_MAGIC_STRENGTH		1000
POINTS_FOR_CONVERTING_WIZARD	100
POINTS_PER_OWNED_CELL		1
BOOK_MAGIC_STRENGTH		50
ROUNDS_FOR_CONVERTING		5
ROUNDS_ATTACK_RESTING_GHOST	15
ROUNDS_SPELL_RESTING_GHOST	60
ROUNDS_NO_ATTACK_GHOST		5
names          HarryBet Harry3 Harry2 Harry


   000000000011111111112222222222333333333344444444445555555555
   012345678901234567890123456789012345678901234567890123456789
00 ......0...........................2.........................
01 ..................WWWWWWWWWWWWWWWWWW....0......W.W..........
02 .........3........W.........1..0...W.WWWWWWWWWWW.W...0......
03 .WWWWWWWW.........W..WWWWWWWWWWWWW.W.W.....0.....W......1...
04 .W...3..W.........WWWW...2.......W.W.W.WWW.......W..........
05 .W......W..........................W.W.W.W.......W..........
06 .W......WWWWWWWWWWWWWWWWWWWWWWWWWWWW.W.W.W.......W..........
07 .W...................................W.W.W.......W..........
08 .WWWWWWWWW...........................W.W.W.......W..........
09 .........W...............0....1......W.W.W.......W..........
10 .........W...........................W.W.W.......W..........
11 ....2..1.W....0......................W.W.W......3W..........
12 .3.......W..........3................W.W.W.......W..........
13 .........W...........WWWW.WWWWWW..3..W.W.W.......W..........
14 .........W...........W..W.W....W.....W.W.W.......W..........
15 .3.......W.........W.W..W.W.WW.W.....W.W.W.......W.........0
16 .........W.........W.W.WW.W.W..W.....W.W.W.......W.0........
17 .........W......0..W.W....W.W..W.....W.W.W....1..W..........
18 .........W.........W.WWWW.W.W..W.........W.......W.....1....
19 .........WWWWWWWW..W....W.W.W..WWWWWWWWW.W.......W..........
20 ................W..W......W.W.......2..W2W.......W..........
21 ................W..W......WWW..........W.W.......W..........
22 .........2...1..W..W...................W.W.......W..........
23 .....2..........W..W...................W.W.......W0.........
24 3...............W..W............3......W.W....1..W..........
25 .WWWWW.............W...................W.W.......W.......3..
26 .W...W....2........W...................W.WWW.....W..........
27 .W...W.............W...................W...W.....W...1......
28 .W1..W..........3..W...................W...W.....W..........
29 .W...W.............W..........WWWWWWWWWW...W.....W..........
30 .W...W.............W1.........W............W.....W..........
31 .W...W.............W......3...W............W.....W...1......
32 .W...W3...WWWWWWWWWW...0......W............W.....W.........2
33 .W...W....W...................W............W.....W..........
34 .W...W....W......1............W............W.....WWW........
35 .W...W....W.3.................W...........0W.3.....WW.......
36 .W...W....W...................W............W.....3..W....0..
37 .W0..W....W...................W..........W.W........W.......
38 .WWW.W....W.0..2.........0....W....2.....W.W........W.......
39 ...W.W....WWW.................W..........W2W........W.......
40 .W.W.W......W.................W........1.W.W..1.....W.......
41 .W.W.W......W...............3.W..........W.W........W..0....
42 .W.W.W...2..W.................W..........W.WWWWWWWW.W.WWWWW.
43 .W.W.W......W.................W..........W2.......W.W.W...W.
44 .W.W.W......W.....0...........W..........W.WWWWWWWW.W.W2W.W.
45 .W.W.W......W.................W..........W.W.....1..W.W.WWW.
46 .W.W.W......W................1W..........W.W........W.W.....
47 .WWW.WWWWWWWW............................W.W........W.W.WWW.
48 .3.......................................W.W......0.WWW.W.W.
49 .WWWWWWWWWWWWWWWWWWWWWWWWWWWWWWWWW.......W.W2...........W.W.
50 .W......................2........W.......W.W.WWWWWWWWWWWW3W.
51 .W..3....................WWWWWWW.W.......W.W.W............W.
52 .W.......2...............W.....W.W.......W.W.W.........WWWW.
53 .W...............1.......W.WWW.W.W.......W.W.W.........W....
54 .W...2...................W.W.W.W.W.......W.W.W.........W..0.
55 .W.......................W.W.W.W.W....2..W1W.W..............
56 .WWWWW...................W.W.W.W.W.......WWW.W..............
57 .....WWWWWW..............W.W.W.W.W...........W.1............
58 ..........WWWWWWWWWWWWWWWW.W.WWW.WWWWWWWWWWWWW.......3......
59 ........................1..........2........................

units
84
type	id	player	row	column	rounds	next
g	0	0	11	14	60	-1
g	1	1	55	42	60	-1
g	2	2	42	9	60	-1
g	3	3	12	20	60	-1
w	4	0	32	23	0	-1
w	5	0	38	12	0	-1
w	6	0	16	51	0	-1
w	7	0	15	59	0	-1
w	8	0	0	6	0	-1
w	9	0	37	2	0	-1
w	10	0	44	18	0	-1
w	11	0	54	58	0	-1
w	12	0	2	53	0	-1
w	13	0	35	42	0	-1
w	14	0	2	31	0	-1
w	15	0	9	25	0	-1
w	16	0	36	57	0	-1
w	17	0	48	50	0	-1
w	18	0	1	40	0	-1
w	19	0	3	43	0	-1
w	20	0	23	50	0	-1
w	21	0	17	16	0	-1
w	22	0	41	55	0	-1
w	23	0	38	25	0	-1
w	24	1	46	29	0	-1
w	25	1	57	47	0	-1
w	26	1	18	55	0	-1
w	27	1	31	53	0	-1
w	28	1	3	56	0	-1
w	29	1	2	28	0	-1
w	30	1	9	30	0	-1
w	31	1	27	53	0	-1
w	32	1	11	7	0	-1
w	33	1	40	46	0	-1
w	34	1	30	20	0	-1
w	35	1	34	17	0	-1
w	36	1	28	2	0	-1
w	37	1	59	24	0	-1
w	38	1	22	13	0	-1
w	39	1	53	17	0	-1
w	40	1	24	46	0	-1
w	41	1	40	39	0	-1
w	42	1	45	49	0	-1
w	43	1	17	46	0	-1
w	44	2	55	38	0	-1
w	45	2	39	42	0	-1
w	46	2	26	10	0	-1
w	47	2	38	35	0	-1
w	48	2	54	5	0	-1
w	49	2	32	59	0	-1
w	50	2	4	25	0	-1
w	51	2	43	42	0	-1
w	52	2	22	9	0	-1
w	53	2	0	34	0	-1
w	54	2	23	5	0	-1
w	55	2	52	9	0	-1
w	56	2	38	15	0	-1
w	57	2	49	44	0	-1
w	58	2	20	40	0	-1
w	59	2	44	55	0	-1
w	60	2	20	36	0	-1
w	61	2	11	4	0	-1
w	62	2	59	35	0	-1
w	63	2	50	24	0	-1
w	64	3	12	1	0	-1
w	65	3	31	26	0	-1
w	66	3	15	1	0	-1
w	67	3	50	57	0	-1
w	68	3	51	4	0	-1
w	69	3	28	16	0	-1
w	70	3	41	28	0	-1
w	71	3	58	53	0	-1
w	72	3	25	57	0	-1
w	73	3	24	32	0	-1
w	74	3	2	9	0	-1
w	75	3	4	5	0	-1
w	76	3	11	48	0	-1
w	77	3	13	34	0	-1
w	78	3	32	6	0	-1
w	79	3	36	49	0	-1
w	80	3	35	45	0	-1
w	81	3	35	12	0	-1
w	82	3	24	0	0	-1
w	83	3	48	1	0	-1

books
50
row	column
1	2
1	48
4	12
5	21
5	30
5	51
7	54
9	17
12	55
13	10
14	27
17	34
19	4
20	0
20	58
21	18
22	54
24	37
24	42
27	13
27	23
27	46
30	35
31	31
31	48
32	3
35	32
37	21
38	8
40	32
41	4
42	13
42	21
43	38
45	13
45	32
46	25
46	38
48	18
49	53
52	38
52	52
53	22
54	49
55	30
56	14
57	57
58	1
59	19
59	43

spell_ingredients
15
7 8 7 13 12 11 8 13 12 8 7 7 8 8 6 

Voldemort
45 45

round 0

score	0	0	0	0

scr_acc	0	0	0	0

strength	1000	1000	1000	1000

status	0	0	0	0

