Game

Seed 248393

HarryPotter 1.0

NUM_PLAYERS			4
NUM_ROUNDS			200
BOARD_ROWS			60
BOARD_COLS			60
NUM_INI_WIZARDS_PER_CLAN	20
NUM_INI_BOOKS			50
CLAN_INI_MAGIC_STRENGTH		1000
POINTS_FOR_CONVERTING_WIZARD	100
POINTS_PER_OWNED_CELL		1
BOOK_MAGIC_STRENGTH		50
ROUNDS_FOR_CONVERTING		5
ROUNDS_ATTACK_RESTING_GHOST	15
ROUNDS_SPELL_RESTING_GHOST	60
ROUNDS_NO_ATTACK_GHOST		5
names          Null Harry3 Harry2 Harry


   000000000011111111112222222222333333333344444444445555555555
   012345678901234567890123456789012345678901234567890123456789
00 ....3......0.......................2........................
01 ................WWWWWW.WWWWWWWWWW.WWWWWWWWWWWWWWWWW.........
02 ................W....W.W........W.................WWWWW.3...
03 ................W.WW.W.W.....2..WWWWWWWW....................
04 .0.......1......W.W..W.W...............W....................
05 ................W.W..W3W...............W....................
06 ......2.........W.W..W.W....2..........W....................
07 ................W.W..W.W...............W.0.......WWWWWWWWWW.
08 ................W.W..W.WW..............WWWWWWWWWWW........W.
09 ..........0.....W.WW.W..W.........................0.......W.
10 ............WWWWW..W.W..W.................................W.
11 ............W......W.W..W.............3.......3...........W.
12 ..3.........W.....WW.W..W.........1......2.....WWWWWWWWWW.W.
13 .....1......W...W.W.1W..W..3...........WWWWWWWWW........W.W.
14 ............W...W.W..W..W...............................W.W.
15 ............W...W.W..W..WWWWWWWWWWWWWWWWWWWWWWW........3W.W.
16 ............W...W.W..W........................W.........W.W.
17 ........3...W...W.W..W....3.................3.W3........W.W1
18 ...1........W...W1W..W...............0........W....2....W.W.
19 ............W...W.W..W1..........2............W.........W.W.
20 ............W...W.W..WWWWWWWWWWWWWWWWWWWWWWWWWW.......3.W.W.
21 ............W...W.W.....................1...............W.W.
22 .....0.WWWW.W...W.W.....3......WWWWWWWWWWWWWWWW.0.......W.W.
23 .......W..W.W...W.W............W..............WWWWWWWWWWW.W.
24 .......W..W.W...W.W............W............2.............W.
25 .......W..W.W...W.W............W.........0................W.
26 .......W..W.W...W.W......2.....W................0.........W.
27 .......W..W.W...W.W............W..........................W.
28 .......W..W.W...W.W............W...WWWWWWWWWWWWWWWWWWWWWWWW.
29 .......W..W.W...W.W.WWWWWWWWWW.W.......................3....
30 .....3.W..W.W...W.W.W..........W.......0.............WWWWWW1
31 .......W..W2W...W.W.W.WWWWWW...W.....................W....W.
32 .......W..W.W...WWW.W.W...2W..2W.....................W.WW.W.
33 .......W..W.W.......W.W.WW.W...W.....................W..W.W.
34 .......W.WW.W......WW.W..W.W...W.....................W.WW2W.
35 ..2...1W....W......W..W..W.W...W.....................W.W..W.
36 .......WWW.WW......W..W..W.W.WWW...........2.........W.WWWW.
37 .........W.W....0..W..W..W.W.W.......................W....3.
38 .........W.W.......W..W..W.W.W......................3WWWWWW.
39 .........W.W.......W..W..W.W.W..................1.........W.
40 .........W.W.......W..W..W.W.WWWWWWWWWWWWWWWWWWWWWWWWWWWWWW.
41 1........W.WWW.....W..W..W.W................................
42 .........W.........W..WWWW.WWW........................3..WW.
43 .........W.....1...W.........W...........................W..
44 .0.......W.........WWWWWWWWWWW.0....1........1...........W..
45 .........W..............................1................W..
46 .........W...............................................W..
47 .WWWWWWW.W...............................................W..
48 0W.....W.WWWWWWWWWWWWWWWWWWWWWWWWWW......................W..
49 .W....0W..........................W......................W..
50 .W.....W.WWWWW....................W.............1........W..
51 .WW....W.W...W0...................W......................W..
52 .....0.W.W.W.W...................2W......................W..
53 .WWWWWWW.WWW.W...2..........2...............0............W..
54 .W..........0W...........................................W..
55 .W1.WWWWWWWWWW...........................................2..
56 .W..W..........1.............2..............................
57 .W..W...1...........................3...........3...........
58 .WWWW...............2.......................................
59 .................0..........................................

units
84
type	id	player	row	column	rounds	next
g	0	0	44	31	60	-1
g	1	1	13	20	60	-1
g	2	2	3	29	60	-1
g	3	3	11	46	60	-1
w	4	0	44	1	0	-1
w	5	0	52	5	0	-1
w	6	0	37	16	0	-1
w	7	0	9	50	0	-1
w	8	0	59	17	0	-1
w	9	0	9	10	0	-1
w	10	0	22	48	0	-1
w	11	0	4	1	0	-1
w	12	0	22	5	0	-1
w	13	0	0	11	0	-1
w	14	0	49	6	0	-1
w	15	0	18	37	0	-1
w	16	0	25	41	0	-1
w	17	0	26	48	0	-1
w	18	0	30	39	0	-1
w	19	0	53	44	0	-1
w	20	0	48	0	0	-1
w	21	0	51	14	0	-1
w	22	0	7	41	0	-1
w	23	0	54	12	0	-1
w	24	1	55	2	0	-1
w	25	1	45	40	0	-1
w	26	1	56	15	0	-1
w	27	1	18	17	0	-1
w	28	1	57	8	0	-1
w	29	1	44	36	0	-1
w	30	1	12	34	0	-1
w	31	1	13	5	0	-1
w	32	1	17	59	0	-1
w	33	1	50	48	0	-1
w	34	1	39	48	0	-1
w	35	1	21	40	0	-1
w	36	1	19	22	0	-1
w	37	1	18	3	0	-1
w	38	1	44	45	0	-1
w	39	1	4	9	0	-1
w	40	1	35	6	0	-1
w	41	1	43	15	0	-1
w	42	1	30	59	0	-1
w	43	1	41	0	0	-1
w	44	2	18	51	0	-1
w	45	2	35	2	0	-1
w	46	2	56	29	0	-1
w	47	2	6	6	0	-1
w	48	2	24	44	0	-1
w	49	2	6	28	0	-1
w	50	2	26	25	0	-1
w	51	2	0	35	0	-1
w	52	2	36	43	0	-1
w	53	2	34	57	0	-1
w	54	2	53	17	0	-1
w	55	2	12	41	0	-1
w	56	2	19	33	0	-1
w	57	2	52	33	0	-1
w	58	2	58	20	0	-1
w	59	2	31	11	0	-1
w	60	2	32	26	0	-1
w	61	2	32	30	0	-1
w	62	2	55	57	0	-1
w	63	2	53	28	0	-1
w	64	3	17	8	0	-1
w	65	3	12	2	0	-1
w	66	3	37	58	0	-1
w	67	3	5	22	0	-1
w	68	3	30	5	0	-1
w	69	3	22	24	0	-1
w	70	3	2	56	0	-1
w	71	3	38	52	0	-1
w	72	3	0	4	0	-1
w	73	3	20	54	0	-1
w	74	3	13	27	0	-1
w	75	3	57	36	0	-1
w	76	3	17	26	0	-1
w	77	3	57	48	0	-1
w	78	3	17	44	0	-1
w	79	3	17	47	0	-1
w	80	3	11	38	0	-1
w	81	3	29	55	0	-1
w	82	3	15	55	0	-1
w	83	3	42	54	0	-1

books
50
row	column
0	31
0	43
3	6
3	53
5	44
7	0
9	4
9	20
9	31
11	14
13	31
14	8
16	41
17	30
20	9
21	51
23	11
23	27
25	34
26	20
26	52
27	30
29	19
30	2
30	36
33	33
35	20
35	52
36	47
38	5
38	32
40	24
41	42
41	45
43	28
43	50
44	18
47	14
47	45
47	53
48	42
49	25
49	31
50	22
51	37
52	41
54	50
57	40
58	5
58	32

spell_ingredients
15
6 6 7 5 6 5 8 6 6 6 7 7 4 6 5 

Voldemort
32 23

round 0

score	0	0	0	0

scr_acc	0	0	0	0

strength	1000	1000	1000	1000

status	0	0	0	0

